
  .   ____          _            __ _ _
 /\\ / ___'_ __ _ _(_)_ __  __ _ \ \ \ \
( ( )\___ | '_ | '_| | '_ \/ _` | \ \ \ \
 \\/  ___)| |_)| | | | | || (_| |  ) ) ) )
  '  |____| .__|_| |_|_| |_\__, | / / / /
 =========|_|==============|___/=/_/_/_/

 :: Spring Boot ::                (v3.4.2)

2026-05-25T02:12:07.802+05:30  INFO 45820 --- [api-gateway] [           main] c.hotel.gateway.ApiGatewayApplication    : Starting ApiGatewayApplication v1.0.0 using Java 21.0.2 with PID 45820 (/Users/subodhsingh/Downloads/HotelAngular/backend/api-gateway/target/api-gateway-1.0.0.jar started by subodhsingh in /Users/subodhsingh/Downloads/HotelAngular/backend)
2026-05-25T02:12:07.804+05:30  INFO 45820 --- [api-gateway] [           main] c.hotel.gateway.ApiGatewayApplication    : No active profile set, falling back to 1 default profile: "default"
2026-05-25T02:12:09.698+05:30  INFO 45820 --- [api-gateway] [           main] o.s.cloud.context.scope.GenericScope     : BeanFactory id=f3d7b2d0-cbcf-3a7e-8f0b-4b5bc43c8e73
2026-05-25T02:12:11.203+05:30  INFO 45820 --- [api-gateway] [           main] o.s.c.g.r.RouteDefinitionRouteLocator    : Loaded RoutePredicateFactory [After]
2026-05-25T02:12:11.204+05:30  INFO 45820 --- [api-gateway] [           main] o.s.c.g.r.RouteDefinitionRouteLocator    : Loaded RoutePredicateFactory [Before]
2026-05-25T02:12:11.204+05:30  INFO 45820 --- [api-gateway] [           main] o.s.c.g.r.RouteDefinitionRouteLocator    : Loaded RoutePredicateFactory [Between]
2026-05-25T02:12:11.204+05:30  INFO 45820 --- [api-gateway] [           main] o.s.c.g.r.RouteDefinitionRouteLocator    : Loaded RoutePredicateFactory [Cookie]
2026-05-25T02:12:11.204+05:30  INFO 45820 --- [api-gateway] [           main] o.s.c.g.r.RouteDefinitionRouteLocator    : Loaded RoutePredicateFactory [Header]
2026-05-25T02:12:11.204+05:30  INFO 45820 --- [api-gateway] [           main] o.s.c.g.r.RouteDefinitionRouteLocator    : Loaded RoutePredicateFactory [Host]
2026-05-25T02:12:11.204+05:30  INFO 45820 --- [api-gateway] [           main] o.s.c.g.r.RouteDefinitionRouteLocator    : Loaded RoutePredicateFactory [Method]
2026-05-25T02:12:11.204+05:30  INFO 45820 --- [api-gateway] [           main] o.s.c.g.r.RouteDefinitionRouteLocator    : Loaded RoutePredicateFactory [Path]
2026-05-25T02:12:11.204+05:30  INFO 45820 --- [api-gateway] [           main] o.s.c.g.r.RouteDefinitionRouteLocator    : Loaded RoutePredicateFactory [Query]
2026-05-25T02:12:11.204+05:30  INFO 45820 --- [api-gateway] [           main] o.s.c.g.r.RouteDefinitionRouteLocator    : Loaded RoutePredicateFactory [ReadBody]
2026-05-25T02:12:11.204+05:30  INFO 45820 --- [api-gateway] [           main] o.s.c.g.r.RouteDefinitionRouteLocator    : Loaded RoutePredicateFactory [RemoteAddr]
2026-05-25T02:12:11.204+05:30  INFO 45820 --- [api-gateway] [           main] o.s.c.g.r.RouteDefinitionRouteLocator    : Loaded RoutePredicateFactory [XForwardedRemoteAddr]
2026-05-25T02:12:11.205+05:30  INFO 45820 --- [api-gateway] [           main] o.s.c.g.r.RouteDefinitionRouteLocator    : Loaded RoutePredicateFactory [Weight]
2026-05-25T02:12:11.205+05:30  INFO 45820 --- [api-gateway] [           main] o.s.c.g.r.RouteDefinitionRouteLocator    : Loaded RoutePredicateFactory [CloudFoundryRouteService]
2026-05-25T02:12:11.424+05:30  INFO 45820 --- [api-gateway] [           main] DiscoveryClientOptionalArgsConfiguration : Eureka HTTP Client uses RestTemplate.
2026-05-25T02:12:11.445+05:30  WARN 45820 --- [api-gateway] [           main] iguration$LoadBalancerCaffeineWarnLogger : Spring Cloud LoadBalancer is currently working with the default cache. While this cache implementation is useful for development and tests, it's recommended to use Caffeine cache in production.You can switch to using Caffeine cache, by adding it and org.springframework.cache.caffeine.CaffeineCacheManager to the classpath.
2026-05-25T02:12:11.468+05:30  INFO 45820 --- [api-gateway] [           main] o.s.c.n.eureka.InstanceInfoFactory       : Setting initial instance status as: STARTING
2026-05-25T02:12:11.484+05:30  INFO 45820 --- [api-gateway] [           main] com.netflix.discovery.DiscoveryClient    : Initializing Eureka in region us-east-1
2026-05-25T02:12:11.486+05:30  INFO 45820 --- [api-gateway] [           main] c.n.d.s.r.aws.ConfigClusterResolver      : Resolving eureka endpoints via configuration
2026-05-25T02:12:11.492+05:30  INFO 45820 --- [api-gateway] [           main] com.netflix.discovery.DiscoveryClient    : Disable delta property : false
2026-05-25T02:12:11.492+05:30  INFO 45820 --- [api-gateway] [           main] com.netflix.discovery.DiscoveryClient    : Single vip registry refresh property : null
2026-05-25T02:12:11.492+05:30  INFO 45820 --- [api-gateway] [           main] com.netflix.discovery.DiscoveryClient    : Force full registry fetch : false
2026-05-25T02:12:11.492+05:30  INFO 45820 --- [api-gateway] [           main] com.netflix.discovery.DiscoveryClient    : Application is null : false
2026-05-25T02:12:11.492+05:30  INFO 45820 --- [api-gateway] [           main] com.netflix.discovery.DiscoveryClient    : Registered Applications size is zero : true
2026-05-25T02:12:11.492+05:30  INFO 45820 --- [api-gateway] [           main] com.netflix.discovery.DiscoveryClient    : Application version is -1: true
2026-05-25T02:12:11.492+05:30  INFO 45820 --- [api-gateway] [           main] com.netflix.discovery.DiscoveryClient    : Getting all instance registry info from the eureka server
2026-05-25T02:12:11.720+05:30  INFO 45820 --- [api-gateway] [           main] com.netflix.discovery.DiscoveryClient    : The response status is 200
2026-05-25T02:12:11.721+05:30  INFO 45820 --- [api-gateway] [           main] com.netflix.discovery.DiscoveryClient    : Starting heartbeat executor: renew interval is: 30
2026-05-25T02:12:11.722+05:30  INFO 45820 --- [api-gateway] [           main] c.n.discovery.InstanceInfoReplicator     : InstanceInfoReplicator onDemand update allowed rate per min is 4
2026-05-25T02:12:11.723+05:30  INFO 45820 --- [api-gateway] [           main] com.netflix.discovery.DiscoveryClient    : Discovery Client initialized at timestamp 1779655331722 with initial instances count: 0
2026-05-25T02:12:11.724+05:30  INFO 45820 --- [api-gateway] [           main] o.s.c.n.e.s.EurekaServiceRegistry        : Registering application API-GATEWAY with eureka with status UP
2026-05-25T02:12:11.725+05:30  INFO 45820 --- [api-gateway] [           main] com.netflix.discovery.DiscoveryClient    : Saw local status change event StatusChangeEvent [timestamp=1779655331725, current=UP, previous=STARTING]
2026-05-25T02:12:11.725+05:30  INFO 45820 --- [api-gateway] [foReplicator-%d] com.netflix.discovery.DiscoveryClient    : DiscoveryClient_API-GATEWAY/192.168.1.26:api-gateway:8080: registering service...
2026-05-25T02:12:11.749+05:30  INFO 45820 --- [api-gateway] [foReplicator-%d] com.netflix.discovery.DiscoveryClient    : DiscoveryClient_API-GATEWAY/192.168.1.26:api-gateway:8080 - registration status: 204
2026-05-25T02:12:11.796+05:30  INFO 45820 --- [api-gateway] [           main] o.s.b.web.embedded.netty.NettyWebServer  : Netty started on port 8080 (http)
2026-05-25T02:12:11.797+05:30  INFO 45820 --- [api-gateway] [           main] .s.c.n.e.s.EurekaAutoServiceRegistration : Updating port to 8080
2026-05-25T02:12:11.817+05:30  INFO 45820 --- [api-gateway] [           main] c.hotel.gateway.ApiGatewayApplication    : Started ApiGatewayApplication in 5.734 seconds (process running for 6.614)
2026-05-25T02:12:17.491+05:30  WARN 45820 --- [api-gateway] [ctor-http-nio-2] o.s.c.l.core.RoundRobinLoadBalancer      : No servers available for service: auth-service
2026-05-25T02:12:27.183+05:30  WARN 45820 --- [api-gateway] [ctor-http-nio-2] o.s.c.l.core.RoundRobinLoadBalancer      : No servers available for service: auth-service
2026-05-25T02:12:41.727+05:30  INFO 45820 --- [api-gateway] [reshExecutor-%d] com.netflix.discovery.DiscoveryClient    : Disable delta property : false
2026-05-25T02:12:41.729+05:30  INFO 45820 --- [api-gateway] [reshExecutor-%d] com.netflix.discovery.DiscoveryClient    : Single vip registry refresh property : null
2026-05-25T02:12:41.730+05:30  INFO 45820 --- [api-gateway] [reshExecutor-%d] com.netflix.discovery.DiscoveryClient    : Force full registry fetch : false
2026-05-25T02:12:41.730+05:30  INFO 45820 --- [api-gateway] [reshExecutor-%d] com.netflix.discovery.DiscoveryClient    : Application is null : false
2026-05-25T02:12:41.730+05:30  INFO 45820 --- [api-gateway] [reshExecutor-%d] com.netflix.discovery.DiscoveryClient    : Registered Applications size is zero : true
2026-05-25T02:12:41.730+05:30  INFO 45820 --- [api-gateway] [reshExecutor-%d] com.netflix.discovery.DiscoveryClient    : Application version is -1: false
2026-05-25T02:12:41.730+05:30  INFO 45820 --- [api-gateway] [reshExecutor-%d] com.netflix.discovery.DiscoveryClient    : Getting all instance registry info from the eureka server
2026-05-25T02:12:41.759+05:30  INFO 45820 --- [api-gateway] [reshExecutor-%d] com.netflix.discovery.DiscoveryClient    : The response status is 200
2026-05-25T02:13:25.802+05:30 ERROR 45820 --- [api-gateway] [ctor-http-nio-3] i.n.r.d.DnsServerAddressStreamProviders  : Unable to load io.netty.resolver.dns.macos.MacOSDnsServerAddressStreamProvider, fallback to system defaults. This may result in incorrect DNS resolutions on MacOS. Check whether you have a dependency on 'io.netty:netty-resolver-dns-native-macos'. Use DEBUG level to see the full stack: java.lang.UnsatisfiedLinkError: failed to load the required native library
2026-05-25T02:17:11.500+05:30  INFO 45820 --- [api-gateway] [rap-executor-%d] c.n.d.s.r.aws.ConfigClusterResolver      : Resolving eureka endpoints via configuration
2026-05-25T02:22:11.507+05:30  INFO 45820 --- [api-gateway] [rap-executor-%d] c.n.d.s.r.aws.ConfigClusterResolver      : Resolving eureka endpoints via configuration
2026-05-25T02:27:11.523+05:30  INFO 45820 --- [api-gateway] [rap-executor-%d] c.n.d.s.r.aws.ConfigClusterResolver      : Resolving eureka endpoints via configuration
2026-05-25T02:32:11.540+05:30  INFO 45820 --- [api-gateway] [rap-executor-%d] c.n.d.s.r.aws.ConfigClusterResolver      : Resolving eureka endpoints via configuration
2026-05-25T02:37:11.551+05:30  INFO 45820 --- [api-gateway] [rap-executor-%d] c.n.d.s.r.aws.ConfigClusterResolver      : Resolving eureka endpoints via configuration
2026-05-25T02:42:11.565+05:30  INFO 45820 --- [api-gateway] [rap-executor-%d] c.n.d.s.r.aws.ConfigClusterResolver      : Resolving eureka endpoints via configuration
