
  .   ____          _            __ _ _
 /\\ / ___'_ __ _ _(_)_ __  __ _ \ \ \ \
( ( )\___ | '_ | '_| | '_ \/ _` | \ \ \ \
 \\/  ___)| |_)| | | | | || (_| |  ) ) ) )
  '  |____| .__|_| |_|_| |_\__, | / / / /
 =========|_|==============|___/=/_/_/_/

 :: Spring Boot ::                (v3.4.2)

2026-05-25T02:12:02.287+05:30  INFO 45805 --- [auth-service] [           main] com.hotel.auth.AuthServiceApplication    : Starting AuthServiceApplication v1.0.0 using Java 21.0.2 with PID 45805 (/Users/subodhsingh/Downloads/HotelAngular/backend/auth-service/target/auth-service-1.0.0.jar started by subodhsingh in /Users/subodhsingh/Downloads/HotelAngular/backend)
2026-05-25T02:12:02.343+05:30  INFO 45805 --- [auth-service] [           main] com.hotel.auth.AuthServiceApplication    : No active profile set, falling back to 1 default profile: "default"
2026-05-25T02:12:03.757+05:30  INFO 45805 --- [auth-service] [           main] .s.d.r.c.RepositoryConfigurationDelegate : Bootstrapping Spring Data JPA repositories in DEFAULT mode.
2026-05-25T02:12:04.060+05:30  INFO 45805 --- [auth-service] [           main] .s.d.r.c.RepositoryConfigurationDelegate : Finished Spring Data repository scanning in 295 ms. Found 1 JPA repository interface.
2026-05-25T02:12:04.594+05:30  INFO 45805 --- [auth-service] [           main] o.s.cloud.context.scope.GenericScope     : BeanFactory id=87da74af-6552-3e71-87b1-1a8c9f6f8745
2026-05-25T02:12:04.977+05:30  INFO 45805 --- [auth-service] [           main] o.s.b.w.embedded.tomcat.TomcatWebServer  : Tomcat initialized with port 8081 (http)
2026-05-25T02:12:04.986+05:30  INFO 45805 --- [auth-service] [           main] o.apache.catalina.core.StandardService   : Starting service [Tomcat]
2026-05-25T02:12:04.986+05:30  INFO 45805 --- [auth-service] [           main] o.apache.catalina.core.StandardEngine    : Starting Servlet engine: [Apache Tomcat/10.1.34]
2026-05-25T02:12:05.011+05:30  INFO 45805 --- [auth-service] [           main] o.a.c.c.C.[Tomcat].[localhost].[/]       : Initializing Spring embedded WebApplicationContext
2026-05-25T02:12:05.011+05:30  INFO 45805 --- [auth-service] [           main] w.s.c.ServletWebServerApplicationContext : Root WebApplicationContext: initialization completed in 2515 ms
2026-05-25T02:12:05.376+05:30  INFO 45805 --- [auth-service] [           main] o.hibernate.jpa.internal.util.LogHelper  : HHH000204: Processing PersistenceUnitInfo [name: default]
2026-05-25T02:12:05.429+05:30  INFO 45805 --- [auth-service] [           main] org.hibernate.Version                    : HHH000412: Hibernate ORM core version 6.6.5.Final
2026-05-25T02:12:05.460+05:30  INFO 45805 --- [auth-service] [           main] o.h.c.internal.RegionFactoryInitiator    : HHH000026: Second-level cache disabled
2026-05-25T02:12:05.890+05:30  INFO 45805 --- [auth-service] [           main] o.s.o.j.p.SpringPersistenceUnitInfo      : No LoadTimeWeaver setup: ignoring JPA class transformer
2026-05-25T02:12:05.926+05:30  INFO 45805 --- [auth-service] [           main] com.zaxxer.hikari.HikariDataSource       : HikariPool-1 - Starting...
2026-05-25T02:12:06.168+05:30  INFO 45805 --- [auth-service] [           main] com.zaxxer.hikari.pool.HikariPool        : HikariPool-1 - Added connection conn0: url=jdbc:h2:mem:authdb user=SA
2026-05-25T02:12:06.170+05:30  INFO 45805 --- [auth-service] [           main] com.zaxxer.hikari.HikariDataSource       : HikariPool-1 - Start completed.
2026-05-25T02:12:06.187+05:30  WARN 45805 --- [auth-service] [           main] org.hibernate.orm.deprecation            : HHH90000025: H2Dialect does not need to be specified explicitly using 'hibernate.dialect' (remove the property setting and it will be selected by default)
2026-05-25T02:12:06.211+05:30  INFO 45805 --- [auth-service] [           main] org.hibernate.orm.connections.pooling    : HHH10001005: Database info:
	Database JDBC URL [Connecting through datasource 'HikariDataSource (HikariPool-1)']
	Database driver: undefined/unknown
	Database version: 2.3.232
	Autocommit mode: undefined/unknown
	Isolation level: undefined/unknown
	Minimum pool size: undefined/unknown
	Maximum pool size: undefined/unknown
2026-05-25T02:12:07.474+05:30  INFO 45805 --- [auth-service] [           main] o.h.e.t.j.p.i.JtaPlatformInitiator       : HHH000489: No JTA platform available (set 'hibernate.transaction.jta.platform' to enable JTA platform integration)
Hibernate: create table users (id bigint generated by default as identity, address varchar(255), country_code varchar(255), email varchar(255) not null, mobile_number varchar(255), name varchar(255) not null, password varchar(255) not null, role varchar(255) not null, username varchar(255) not null, primary key (id))
Hibernate: alter table if exists users drop constraint if exists UKr43af9ap4edm43mmtq01oddj6
Hibernate: alter table if exists users add constraint UKr43af9ap4edm43mmtq01oddj6 unique (username)
2026-05-25T02:12:07.643+05:30  INFO 45805 --- [auth-service] [           main] j.LocalContainerEntityManagerFactoryBean : Initialized JPA EntityManagerFactory for persistence unit 'default'
2026-05-25T02:12:08.487+05:30  WARN 45805 --- [auth-service] [           main] JpaBaseConfiguration$JpaWebConfiguration : spring.jpa.open-in-view is enabled by default. Therefore, database queries may be performed during view rendering. Explicitly configure spring.jpa.open-in-view to disable this warning
2026-05-25T02:12:08.666+05:30  WARN 45805 --- [auth-service] [           main] .s.s.UserDetailsServiceAutoConfiguration : 

Using generated security password: 233b76bc-3902-4e87-befd-d10a0e28c555

This generated password is for development use only. Your security configuration must be updated before running your application in production.

2026-05-25T02:12:08.674+05:30  INFO 45805 --- [auth-service] [           main] r$InitializeUserDetailsManagerConfigurer : Global AuthenticationManager configured with UserDetailsService bean with name inMemoryUserDetailsManager
2026-05-25T02:12:09.554+05:30  INFO 45805 --- [auth-service] [           main] o.s.b.a.h2.H2ConsoleAutoConfiguration    : H2 console available at '/h2-console'. Database available at 'jdbc:h2:mem:authdb'
2026-05-25T02:12:09.795+05:30  INFO 45805 --- [auth-service] [           main] DiscoveryClientOptionalArgsConfiguration : Eureka HTTP Client uses RestTemplate.
2026-05-25T02:12:09.905+05:30  WARN 45805 --- [auth-service] [           main] iguration$LoadBalancerCaffeineWarnLogger : Spring Cloud LoadBalancer is currently working with the default cache. While this cache implementation is useful for development and tests, it's recommended to use Caffeine cache in production.You can switch to using Caffeine cache, by adding it and org.springframework.cache.caffeine.CaffeineCacheManager to the classpath.
2026-05-25T02:12:09.980+05:30  INFO 45805 --- [auth-service] [           main] o.s.c.n.eureka.InstanceInfoFactory       : Setting initial instance status as: STARTING
2026-05-25T02:12:10.010+05:30  INFO 45805 --- [auth-service] [           main] com.netflix.discovery.DiscoveryClient    : Initializing Eureka in region us-east-1
2026-05-25T02:12:10.013+05:30  INFO 45805 --- [auth-service] [           main] c.n.d.s.r.aws.ConfigClusterResolver      : Resolving eureka endpoints via configuration
2026-05-25T02:12:10.021+05:30  INFO 45805 --- [auth-service] [           main] com.netflix.discovery.DiscoveryClient    : Disable delta property : false
2026-05-25T02:12:10.021+05:30  INFO 45805 --- [auth-service] [           main] com.netflix.discovery.DiscoveryClient    : Single vip registry refresh property : null
2026-05-25T02:12:10.021+05:30  INFO 45805 --- [auth-service] [           main] com.netflix.discovery.DiscoveryClient    : Force full registry fetch : false
2026-05-25T02:12:10.021+05:30  INFO 45805 --- [auth-service] [           main] com.netflix.discovery.DiscoveryClient    : Application is null : false
2026-05-25T02:12:10.021+05:30  INFO 45805 --- [auth-service] [           main] com.netflix.discovery.DiscoveryClient    : Registered Applications size is zero : true
2026-05-25T02:12:10.021+05:30  INFO 45805 --- [auth-service] [           main] com.netflix.discovery.DiscoveryClient    : Application version is -1: true
2026-05-25T02:12:10.022+05:30  INFO 45805 --- [auth-service] [           main] com.netflix.discovery.DiscoveryClient    : Getting all instance registry info from the eureka server
2026-05-25T02:12:10.890+05:30  INFO 45805 --- [auth-service] [           main] com.netflix.discovery.DiscoveryClient    : The response status is 200
2026-05-25T02:12:10.891+05:30  INFO 45805 --- [auth-service] [           main] com.netflix.discovery.DiscoveryClient    : Starting heartbeat executor: renew interval is: 30
2026-05-25T02:12:10.894+05:30  INFO 45805 --- [auth-service] [           main] c.n.discovery.InstanceInfoReplicator     : InstanceInfoReplicator onDemand update allowed rate per min is 4
2026-05-25T02:12:10.897+05:30  INFO 45805 --- [auth-service] [           main] com.netflix.discovery.DiscoveryClient    : Discovery Client initialized at timestamp 1779655330896 with initial instances count: 0
2026-05-25T02:12:10.904+05:30  INFO 45805 --- [auth-service] [           main] o.s.c.n.e.s.EurekaServiceRegistry        : Registering application AUTH-SERVICE with eureka with status UP
2026-05-25T02:12:10.905+05:30  INFO 45805 --- [auth-service] [           main] com.netflix.discovery.DiscoveryClient    : Saw local status change event StatusChangeEvent [timestamp=1779655330905, current=UP, previous=STARTING]
2026-05-25T02:12:10.907+05:30  INFO 45805 --- [auth-service] [foReplicator-%d] com.netflix.discovery.DiscoveryClient    : DiscoveryClient_AUTH-SERVICE/192.168.1.26:auth-service:8081: registering service...
2026-05-25T02:12:10.926+05:30  INFO 45805 --- [auth-service] [           main] o.s.b.w.embedded.tomcat.TomcatWebServer  : Tomcat started on port 8081 (http) with context path '/'
2026-05-25T02:12:10.927+05:30  INFO 45805 --- [auth-service] [           main] .s.c.n.e.s.EurekaAutoServiceRegistration : Updating port to 8081
2026-05-25T02:12:10.962+05:30  INFO 45805 --- [auth-service] [foReplicator-%d] com.netflix.discovery.DiscoveryClient    : DiscoveryClient_AUTH-SERVICE/192.168.1.26:auth-service:8081 - registration status: 204
2026-05-25T02:12:10.985+05:30  INFO 45805 --- [auth-service] [           main] com.hotel.auth.AuthServiceApplication    : Started AuthServiceApplication in 9.7 seconds (process running for 10.812)
Hibernate: select u1_0.id,u1_0.address,u1_0.country_code,u1_0.email,u1_0.mobile_number,u1_0.name,u1_0.password,u1_0.role,u1_0.username from users u1_0 where u1_0.username=?
Hibernate: insert into users (address,country_code,email,mobile_number,name,password,role,username,id) values (?,?,?,?,?,?,?,?,default)
Seeded admin user (username: admin, password: Admin123!)
Hibernate: select u1_0.id,u1_0.address,u1_0.country_code,u1_0.email,u1_0.mobile_number,u1_0.name,u1_0.password,u1_0.role,u1_0.username from users u1_0 where u1_0.username=?
Hibernate: insert into users (address,country_code,email,mobile_number,name,password,role,username,id) values (?,?,?,?,?,?,?,?,default)
Seeded customer user (username: customer, password: Customer123!)
2026-05-25T02:12:40.902+05:30  INFO 45805 --- [auth-service] [reshExecutor-%d] com.netflix.discovery.DiscoveryClient    : Disable delta property : false
2026-05-25T02:12:40.903+05:30  INFO 45805 --- [auth-service] [reshExecutor-%d] com.netflix.discovery.DiscoveryClient    : Single vip registry refresh property : null
2026-05-25T02:12:40.903+05:30  INFO 45805 --- [auth-service] [reshExecutor-%d] com.netflix.discovery.DiscoveryClient    : Force full registry fetch : false
2026-05-25T02:12:40.903+05:30  INFO 45805 --- [auth-service] [reshExecutor-%d] com.netflix.discovery.DiscoveryClient    : Application is null : false
2026-05-25T02:12:40.903+05:30  INFO 45805 --- [auth-service] [reshExecutor-%d] com.netflix.discovery.DiscoveryClient    : Registered Applications size is zero : true
2026-05-25T02:12:40.903+05:30  INFO 45805 --- [auth-service] [reshExecutor-%d] com.netflix.discovery.DiscoveryClient    : Application version is -1: false
2026-05-25T02:12:40.903+05:30  INFO 45805 --- [auth-service] [reshExecutor-%d] com.netflix.discovery.DiscoveryClient    : Getting all instance registry info from the eureka server
2026-05-25T02:12:40.954+05:30  INFO 45805 --- [auth-service] [reshExecutor-%d] com.netflix.discovery.DiscoveryClient    : The response status is 200
2026-05-25T02:13:25.943+05:30  INFO 45805 --- [auth-service] [nio-8081-exec-1] o.a.c.c.C.[Tomcat].[localhost].[/]       : Initializing Spring DispatcherServlet 'dispatcherServlet'
2026-05-25T02:13:25.944+05:30  INFO 45805 --- [auth-service] [nio-8081-exec-1] o.s.web.servlet.DispatcherServlet        : Initializing Servlet 'dispatcherServlet'
2026-05-25T02:13:25.948+05:30  INFO 45805 --- [auth-service] [nio-8081-exec-1] o.s.web.servlet.DispatcherServlet        : Completed initialization in 4 ms
2026-05-25T02:13:25.994+05:30  WARN 45805 --- [auth-service] [nio-8081-exec-1] .w.s.m.s.DefaultHandlerExceptionResolver : Resolved [org.springframework.web.HttpRequestMethodNotSupportedException: Request method 'GET' is not supported]
Hibernate: select u1_0.id,u1_0.address,u1_0.country_code,u1_0.email,u1_0.mobile_number,u1_0.name,u1_0.password,u1_0.role,u1_0.username from users u1_0 where u1_0.username=?
Hibernate: select u1_0.id,u1_0.address,u1_0.country_code,u1_0.email,u1_0.mobile_number,u1_0.name,u1_0.password,u1_0.role,u1_0.username from users u1_0 where u1_0.username=?
Hibernate: select u1_0.id,u1_0.address,u1_0.country_code,u1_0.email,u1_0.mobile_number,u1_0.name,u1_0.password,u1_0.role,u1_0.username from users u1_0 where u1_0.username=?
Hibernate: insert into users (address,country_code,email,mobile_number,name,password,role,username,id) values (?,?,?,?,?,?,?,?,default)
Hibernate: select u1_0.id,u1_0.address,u1_0.country_code,u1_0.email,u1_0.mobile_number,u1_0.name,u1_0.password,u1_0.role,u1_0.username from users u1_0 where u1_0.username=?
Hibernate: select u1_0.id,u1_0.address,u1_0.country_code,u1_0.email,u1_0.mobile_number,u1_0.name,u1_0.password,u1_0.role,u1_0.username from users u1_0 where u1_0.username=?
Hibernate: select u1_0.id,u1_0.address,u1_0.country_code,u1_0.email,u1_0.mobile_number,u1_0.name,u1_0.password,u1_0.role,u1_0.username from users u1_0 where u1_0.username=?
2026-05-25T02:17:10.034+05:30  INFO 45805 --- [auth-service] [rap-executor-%d] c.n.d.s.r.aws.ConfigClusterResolver      : Resolving eureka endpoints via configuration
2026-05-25T02:22:10.052+05:30  INFO 45805 --- [auth-service] [rap-executor-%d] c.n.d.s.r.aws.ConfigClusterResolver      : Resolving eureka endpoints via configuration
Hibernate: select u1_0.id,u1_0.address,u1_0.country_code,u1_0.email,u1_0.mobile_number,u1_0.name,u1_0.password,u1_0.role,u1_0.username from users u1_0 where u1_0.username=?
2026-05-25T02:27:10.093+05:30  INFO 45805 --- [auth-service] [rap-executor-%d] c.n.d.s.r.aws.ConfigClusterResolver      : Resolving eureka endpoints via configuration
2026-05-25T02:32:10.109+05:30  INFO 45805 --- [auth-service] [rap-executor-%d] c.n.d.s.r.aws.ConfigClusterResolver      : Resolving eureka endpoints via configuration
2026-05-25T02:37:10.120+05:30  INFO 45805 --- [auth-service] [rap-executor-%d] c.n.d.s.r.aws.ConfigClusterResolver      : Resolving eureka endpoints via configuration
2026-05-25T02:42:10.130+05:30  INFO 45805 --- [auth-service] [rap-executor-%d] c.n.d.s.r.aws.ConfigClusterResolver      : Resolving eureka endpoints via configuration
