
  .   ____          _            __ _ _
 /\\ / ___'_ __ _ _(_)_ __  __ _ \ \ \ \
( ( )\___ | '_ | '_| | '_ \/ _` | \ \ \ \
 \\/  ___)| |_)| | | | | || (_| |  ) ) ) )
  '  |____| .__|_| |_|_| |_\__, | / / / /
 =========|_|==============|___/=/_/_/_/

 :: Spring Boot ::                (v3.4.2)

2026-05-25T02:23:30.403+05:30  INFO 46100 --- [billing-service] [           main] c.h.billing.BillingServiceApplication    : Starting BillingServiceApplication v1.0.0 using Java 21.0.2 with PID 46100 (/Users/subodhsingh/Downloads/HotelAngular/backend/billing-service/target/billing-service-1.0.0.jar started by subodhsingh in /Users/subodhsingh/Downloads/HotelAngular/backend)
2026-05-25T02:23:30.406+05:30  INFO 46100 --- [billing-service] [           main] c.h.billing.BillingServiceApplication    : No active profile set, falling back to 1 default profile: "default"
2026-05-25T02:23:31.007+05:30  INFO 46100 --- [billing-service] [           main] .s.d.r.c.RepositoryConfigurationDelegate : Bootstrapping Spring Data JPA repositories in DEFAULT mode.
2026-05-25T02:23:31.124+05:30  INFO 46100 --- [billing-service] [           main] .s.d.r.c.RepositoryConfigurationDelegate : Finished Spring Data repository scanning in 109 ms. Found 1 JPA repository interface.
2026-05-25T02:23:31.338+05:30  INFO 46100 --- [billing-service] [           main] o.s.cloud.context.scope.GenericScope     : BeanFactory id=e0e83ef3-b898-398d-b394-0e90fe5cb1ac
2026-05-25T02:23:31.588+05:30  INFO 46100 --- [billing-service] [           main] o.s.b.w.embedded.tomcat.TomcatWebServer  : Tomcat initialized with port 8083 (http)
2026-05-25T02:23:31.598+05:30  INFO 46100 --- [billing-service] [           main] o.apache.catalina.core.StandardService   : Starting service [Tomcat]
2026-05-25T02:23:31.598+05:30  INFO 46100 --- [billing-service] [           main] o.apache.catalina.core.StandardEngine    : Starting Servlet engine: [Apache Tomcat/10.1.34]
2026-05-25T02:23:31.622+05:30  INFO 46100 --- [billing-service] [           main] o.a.c.c.C.[Tomcat].[localhost].[/]       : Initializing Spring embedded WebApplicationContext
2026-05-25T02:23:31.623+05:30  INFO 46100 --- [billing-service] [           main] w.s.c.ServletWebServerApplicationContext : Root WebApplicationContext: initialization completed in 1169 ms
2026-05-25T02:23:31.729+05:30  INFO 46100 --- [billing-service] [           main] o.hibernate.jpa.internal.util.LogHelper  : HHH000204: Processing PersistenceUnitInfo [name: default]
2026-05-25T02:23:31.778+05:30  INFO 46100 --- [billing-service] [           main] org.hibernate.Version                    : HHH000412: Hibernate ORM core version 6.6.5.Final
2026-05-25T02:23:31.805+05:30  INFO 46100 --- [billing-service] [           main] o.h.c.internal.RegionFactoryInitiator    : HHH000026: Second-level cache disabled
2026-05-25T02:23:31.980+05:30  INFO 46100 --- [billing-service] [           main] o.s.o.j.p.SpringPersistenceUnitInfo      : No LoadTimeWeaver setup: ignoring JPA class transformer
2026-05-25T02:23:31.999+05:30  INFO 46100 --- [billing-service] [           main] com.zaxxer.hikari.HikariDataSource       : HikariPool-1 - Starting...
2026-05-25T02:23:32.126+05:30  INFO 46100 --- [billing-service] [           main] com.zaxxer.hikari.pool.HikariPool        : HikariPool-1 - Added connection conn0: url=jdbc:h2:mem:billingdb user=SA
2026-05-25T02:23:32.127+05:30  INFO 46100 --- [billing-service] [           main] com.zaxxer.hikari.HikariDataSource       : HikariPool-1 - Start completed.
2026-05-25T02:23:32.145+05:30  WARN 46100 --- [billing-service] [           main] org.hibernate.orm.deprecation            : HHH90000025: H2Dialect does not need to be specified explicitly using 'hibernate.dialect' (remove the property setting and it will be selected by default)
2026-05-25T02:23:32.160+05:30  INFO 46100 --- [billing-service] [           main] org.hibernate.orm.connections.pooling    : HHH10001005: Database info:
	Database JDBC URL [Connecting through datasource 'HikariDataSource (HikariPool-1)']
	Database driver: undefined/unknown
	Database version: 2.3.232
	Autocommit mode: undefined/unknown
	Isolation level: undefined/unknown
	Minimum pool size: undefined/unknown
	Maximum pool size: undefined/unknown
2026-05-25T02:23:32.825+05:30  INFO 46100 --- [billing-service] [           main] o.h.e.t.j.p.i.JtaPlatformInitiator       : HHH000489: No JTA platform available (set 'hibernate.transaction.jta.platform' to enable JTA platform integration)
Hibernate: create table billings (id varchar(255) not null, card_masked varchar(255), customer_id varchar(255) not null, extra_services float(53) not null, is_paid boolean not null, payment_date varchar(255), reservation_id varchar(255) not null, room_charges float(53) not null, tax float(53) not null, total_amount float(53) not null, primary key (id))
2026-05-25T02:23:32.859+05:30  INFO 46100 --- [billing-service] [           main] j.LocalContainerEntityManagerFactoryBean : Initialized JPA EntityManagerFactory for persistence unit 'default'
2026-05-25T02:23:33.146+05:30  WARN 46100 --- [billing-service] [           main] JpaBaseConfiguration$JpaWebConfiguration : spring.jpa.open-in-view is enabled by default. Therefore, database queries may be performed during view rendering. Explicitly configure spring.jpa.open-in-view to disable this warning
2026-05-25T02:23:33.240+05:30  INFO 46100 --- [billing-service] [           main] o.s.c.openfeign.FeignClientFactoryBean   : For 'reservation-service' URL not provided. Will try picking an instance via load-balancing.
2026-05-25T02:23:33.516+05:30  INFO 46100 --- [billing-service] [           main] o.s.b.a.h2.H2ConsoleAutoConfiguration    : H2 console available at '/h2-console'. Database available at 'jdbc:h2:mem:billingdb'
2026-05-25T02:23:33.586+05:30  INFO 46100 --- [billing-service] [           main] DiscoveryClientOptionalArgsConfiguration : Eureka HTTP Client uses RestTemplate.
2026-05-25T02:23:33.606+05:30  WARN 46100 --- [billing-service] [           main] iguration$LoadBalancerCaffeineWarnLogger : Spring Cloud LoadBalancer is currently working with the default cache. While this cache implementation is useful for development and tests, it's recommended to use Caffeine cache in production.You can switch to using Caffeine cache, by adding it and org.springframework.cache.caffeine.CaffeineCacheManager to the classpath.
2026-05-25T02:23:33.624+05:30  INFO 46100 --- [billing-service] [           main] o.s.c.n.eureka.InstanceInfoFactory       : Setting initial instance status as: STARTING
2026-05-25T02:23:33.652+05:30  INFO 46100 --- [billing-service] [           main] com.netflix.discovery.DiscoveryClient    : Initializing Eureka in region us-east-1
2026-05-25T02:23:33.656+05:30  INFO 46100 --- [billing-service] [           main] c.n.d.s.r.aws.ConfigClusterResolver      : Resolving eureka endpoints via configuration
2026-05-25T02:23:33.666+05:30  INFO 46100 --- [billing-service] [           main] com.netflix.discovery.DiscoveryClient    : Disable delta property : false
2026-05-25T02:23:33.666+05:30  INFO 46100 --- [billing-service] [           main] com.netflix.discovery.DiscoveryClient    : Single vip registry refresh property : null
2026-05-25T02:23:33.666+05:30  INFO 46100 --- [billing-service] [           main] com.netflix.discovery.DiscoveryClient    : Force full registry fetch : false
2026-05-25T02:23:33.666+05:30  INFO 46100 --- [billing-service] [           main] com.netflix.discovery.DiscoveryClient    : Application is null : false
2026-05-25T02:23:33.666+05:30  INFO 46100 --- [billing-service] [           main] com.netflix.discovery.DiscoveryClient    : Registered Applications size is zero : true
2026-05-25T02:23:33.666+05:30  INFO 46100 --- [billing-service] [           main] com.netflix.discovery.DiscoveryClient    : Application version is -1: true
2026-05-25T02:23:33.666+05:30  INFO 46100 --- [billing-service] [           main] com.netflix.discovery.DiscoveryClient    : Getting all instance registry info from the eureka server
2026-05-25T02:23:34.006+05:30  INFO 46100 --- [billing-service] [           main] com.netflix.discovery.DiscoveryClient    : The response status is 200
2026-05-25T02:23:34.008+05:30  INFO 46100 --- [billing-service] [           main] com.netflix.discovery.DiscoveryClient    : Starting heartbeat executor: renew interval is: 30
2026-05-25T02:23:34.009+05:30  INFO 46100 --- [billing-service] [           main] c.n.discovery.InstanceInfoReplicator     : InstanceInfoReplicator onDemand update allowed rate per min is 4
2026-05-25T02:23:34.010+05:30  INFO 46100 --- [billing-service] [           main] com.netflix.discovery.DiscoveryClient    : Discovery Client initialized at timestamp 1779656014010 with initial instances count: 7
2026-05-25T02:23:34.013+05:30  INFO 46100 --- [billing-service] [           main] o.s.c.n.e.s.EurekaServiceRegistry        : Registering application BILLING-SERVICE with eureka with status UP
2026-05-25T02:23:34.013+05:30  INFO 46100 --- [billing-service] [           main] com.netflix.discovery.DiscoveryClient    : Saw local status change event StatusChangeEvent [timestamp=1779656014013, current=UP, previous=STARTING]
2026-05-25T02:23:34.015+05:30  INFO 46100 --- [billing-service] [foReplicator-%d] com.netflix.discovery.DiscoveryClient    : DiscoveryClient_BILLING-SERVICE/192.168.1.26:billing-service:8083: registering service...
2026-05-25T02:23:34.025+05:30  INFO 46100 --- [billing-service] [           main] o.s.b.w.embedded.tomcat.TomcatWebServer  : Tomcat started on port 8083 (http) with context path '/'
2026-05-25T02:23:34.025+05:30  INFO 46100 --- [billing-service] [           main] .s.c.n.e.s.EurekaAutoServiceRegistration : Updating port to 8083
2026-05-25T02:23:34.044+05:30  INFO 46100 --- [billing-service] [           main] c.h.billing.BillingServiceApplication    : Started BillingServiceApplication in 4.046 seconds (process running for 4.69)
2026-05-25T02:23:34.059+05:30  INFO 46100 --- [billing-service] [foReplicator-%d] com.netflix.discovery.DiscoveryClient    : DiscoveryClient_BILLING-SERVICE/192.168.1.26:billing-service:8083 - registration status: 204
2026-05-25T02:24:34.967+05:30  INFO 46100 --- [billing-service] [nio-8083-exec-1] o.a.c.c.C.[Tomcat].[localhost].[/]       : Initializing Spring DispatcherServlet 'dispatcherServlet'
2026-05-25T02:24:34.968+05:30  INFO 46100 --- [billing-service] [nio-8083-exec-1] o.s.web.servlet.DispatcherServlet        : Initializing Servlet 'dispatcherServlet'
2026-05-25T02:24:34.971+05:30  INFO 46100 --- [billing-service] [nio-8083-exec-1] o.s.web.servlet.DispatcherServlet        : Completed initialization in 2 ms
Hibernate: select b1_0.id,b1_0.card_masked,b1_0.customer_id,b1_0.extra_services,b1_0.is_paid,b1_0.payment_date,b1_0.reservation_id,b1_0.room_charges,b1_0.tax,b1_0.total_amount from billings b1_0
Hibernate: select b1_0.id,b1_0.card_masked,b1_0.customer_id,b1_0.extra_services,b1_0.is_paid,b1_0.payment_date,b1_0.reservation_id,b1_0.room_charges,b1_0.tax,b1_0.total_amount from billings b1_0
Hibernate: select b1_0.id,b1_0.card_masked,b1_0.customer_id,b1_0.extra_services,b1_0.is_paid,b1_0.payment_date,b1_0.reservation_id,b1_0.room_charges,b1_0.tax,b1_0.total_amount from billings b1_0 where b1_0.reservation_id=?
Hibernate: insert into billings (card_masked,customer_id,extra_services,is_paid,payment_date,reservation_id,room_charges,tax,total_amount,id) values (?,?,?,?,?,?,?,?,?,?)
Hibernate: select b1_0.id,b1_0.card_masked,b1_0.customer_id,b1_0.extra_services,b1_0.is_paid,b1_0.payment_date,b1_0.reservation_id,b1_0.room_charges,b1_0.tax,b1_0.total_amount from billings b1_0 where b1_0.reservation_id=?
Hibernate: select b1_0.id,b1_0.card_masked,b1_0.customer_id,b1_0.extra_services,b1_0.is_paid,b1_0.payment_date,b1_0.reservation_id,b1_0.room_charges,b1_0.tax,b1_0.total_amount from billings b1_0 where b1_0.reservation_id=?
Hibernate: update billings set card_masked=?,customer_id=?,extra_services=?,is_paid=?,payment_date=?,reservation_id=?,room_charges=?,tax=?,total_amount=? where id=?
Hibernate: select b1_0.id,b1_0.card_masked,b1_0.customer_id,b1_0.extra_services,b1_0.is_paid,b1_0.payment_date,b1_0.reservation_id,b1_0.room_charges,b1_0.tax,b1_0.total_amount from billings b1_0
Hibernate: select b1_0.id,b1_0.card_masked,b1_0.customer_id,b1_0.extra_services,b1_0.is_paid,b1_0.payment_date,b1_0.reservation_id,b1_0.room_charges,b1_0.tax,b1_0.total_amount from billings b1_0
Hibernate: select b1_0.id,b1_0.card_masked,b1_0.customer_id,b1_0.extra_services,b1_0.is_paid,b1_0.payment_date,b1_0.reservation_id,b1_0.room_charges,b1_0.tax,b1_0.total_amount from billings b1_0 where b1_0.reservation_id=?
Hibernate: insert into billings (card_masked,customer_id,extra_services,is_paid,payment_date,reservation_id,room_charges,tax,total_amount,id) values (?,?,?,?,?,?,?,?,?,?)
Hibernate: select b1_0.id,b1_0.card_masked,b1_0.customer_id,b1_0.extra_services,b1_0.is_paid,b1_0.payment_date,b1_0.reservation_id,b1_0.room_charges,b1_0.tax,b1_0.total_amount from billings b1_0
Hibernate: select b1_0.id,b1_0.card_masked,b1_0.customer_id,b1_0.extra_services,b1_0.is_paid,b1_0.payment_date,b1_0.reservation_id,b1_0.room_charges,b1_0.tax,b1_0.total_amount from billings b1_0
Hibernate: select b1_0.id,b1_0.card_masked,b1_0.customer_id,b1_0.extra_services,b1_0.is_paid,b1_0.payment_date,b1_0.reservation_id,b1_0.room_charges,b1_0.tax,b1_0.total_amount from billings b1_0
Hibernate: select b1_0.id,b1_0.card_masked,b1_0.customer_id,b1_0.extra_services,b1_0.is_paid,b1_0.payment_date,b1_0.reservation_id,b1_0.room_charges,b1_0.tax,b1_0.total_amount from billings b1_0 where b1_0.reservation_id=?
Hibernate: select b1_0.id,b1_0.card_masked,b1_0.customer_id,b1_0.extra_services,b1_0.is_paid,b1_0.payment_date,b1_0.reservation_id,b1_0.room_charges,b1_0.tax,b1_0.total_amount from billings b1_0 where b1_0.reservation_id=?
Hibernate: select b1_0.id,b1_0.card_masked,b1_0.customer_id,b1_0.extra_services,b1_0.is_paid,b1_0.payment_date,b1_0.reservation_id,b1_0.room_charges,b1_0.tax,b1_0.total_amount from billings b1_0 where b1_0.reservation_id=?
2026-05-25T02:28:33.680+05:30  INFO 46100 --- [billing-service] [rap-executor-%d] c.n.d.s.r.aws.ConfigClusterResolver      : Resolving eureka endpoints via configuration
2026-05-25T02:33:33.688+05:30  INFO 46100 --- [billing-service] [rap-executor-%d] c.n.d.s.r.aws.ConfigClusterResolver      : Resolving eureka endpoints via configuration
2026-05-25T02:38:33.705+05:30  INFO 46100 --- [billing-service] [rap-executor-%d] c.n.d.s.r.aws.ConfigClusterResolver      : Resolving eureka endpoints via configuration
2026-05-25T02:43:33.721+05:30  INFO 46100 --- [billing-service] [rap-executor-%d] c.n.d.s.r.aws.ConfigClusterResolver      : Resolving eureka endpoints via configuration
