
  .   ____          _            __ _ _
 /\\ / ___'_ __ _ _(_)_ __  __ _ \ \ \ \
( ( )\___ | '_ | '_| | '_ \/ _` | \ \ \ \
 \\/  ___)| |_)| | | | | || (_| |  ) ) ) )
  '  |____| .__|_| |_|_| |_\__, | / / / /
 =========|_|==============|___/=/_/_/_/

 :: Spring Boot ::                (v3.4.2)

2026-05-25T02:12:01.985+05:30  INFO 45809 --- [complaint-service] [           main] c.h.c.ComplaintServiceApplication        : Starting ComplaintServiceApplication v1.0.0 using Java 21.0.2 with PID 45809 (/Users/subodhsingh/Downloads/HotelAngular/backend/complaint-service/target/complaint-service-1.0.0.jar started by subodhsingh in /Users/subodhsingh/Downloads/HotelAngular/backend)
2026-05-25T02:12:01.987+05:30  INFO 45809 --- [complaint-service] [           main] c.h.c.ComplaintServiceApplication        : No active profile set, falling back to 1 default profile: "default"
2026-05-25T02:12:03.431+05:30  INFO 45809 --- [complaint-service] [           main] .s.d.r.c.RepositoryConfigurationDelegate : Bootstrapping Spring Data JPA repositories in DEFAULT mode.
2026-05-25T02:12:03.699+05:30  INFO 45809 --- [complaint-service] [           main] .s.d.r.c.RepositoryConfigurationDelegate : Finished Spring Data repository scanning in 259 ms. Found 1 JPA repository interface.
2026-05-25T02:12:04.150+05:30  INFO 45809 --- [complaint-service] [           main] o.s.cloud.context.scope.GenericScope     : BeanFactory id=5f9ac680-3f4d-3558-9a62-52e7ee070eb4
2026-05-25T02:12:04.775+05:30  INFO 45809 --- [complaint-service] [           main] o.s.b.w.embedded.tomcat.TomcatWebServer  : Tomcat initialized with port 8084 (http)
2026-05-25T02:12:04.790+05:30  INFO 45809 --- [complaint-service] [           main] o.apache.catalina.core.StandardService   : Starting service [Tomcat]
2026-05-25T02:12:04.790+05:30  INFO 45809 --- [complaint-service] [           main] o.apache.catalina.core.StandardEngine    : Starting Servlet engine: [Apache Tomcat/10.1.34]
2026-05-25T02:12:04.818+05:30  INFO 45809 --- [complaint-service] [           main] o.a.c.c.C.[Tomcat].[localhost].[/]       : Initializing Spring embedded WebApplicationContext
2026-05-25T02:12:04.819+05:30  INFO 45809 --- [complaint-service] [           main] w.s.c.ServletWebServerApplicationContext : Root WebApplicationContext: initialization completed in 2791 ms
2026-05-25T02:12:05.107+05:30  INFO 45809 --- [complaint-service] [           main] o.hibernate.jpa.internal.util.LogHelper  : HHH000204: Processing PersistenceUnitInfo [name: default]
2026-05-25T02:12:05.157+05:30  INFO 45809 --- [complaint-service] [           main] org.hibernate.Version                    : HHH000412: Hibernate ORM core version 6.6.5.Final
2026-05-25T02:12:05.222+05:30  INFO 45809 --- [complaint-service] [           main] o.h.c.internal.RegionFactoryInitiator    : HHH000026: Second-level cache disabled
2026-05-25T02:12:05.759+05:30  INFO 45809 --- [complaint-service] [           main] o.s.o.j.p.SpringPersistenceUnitInfo      : No LoadTimeWeaver setup: ignoring JPA class transformer
2026-05-25T02:12:05.785+05:30  INFO 45809 --- [complaint-service] [           main] com.zaxxer.hikari.HikariDataSource       : HikariPool-1 - Starting...
2026-05-25T02:12:06.079+05:30  INFO 45809 --- [complaint-service] [           main] com.zaxxer.hikari.pool.HikariPool        : HikariPool-1 - Added connection conn0: url=jdbc:h2:mem:complaintdb user=SA
2026-05-25T02:12:06.081+05:30  INFO 45809 --- [complaint-service] [           main] com.zaxxer.hikari.HikariDataSource       : HikariPool-1 - Start completed.
2026-05-25T02:12:06.119+05:30  WARN 45809 --- [complaint-service] [           main] org.hibernate.orm.deprecation            : HHH90000025: H2Dialect does not need to be specified explicitly using 'hibernate.dialect' (remove the property setting and it will be selected by default)
2026-05-25T02:12:06.228+05:30  INFO 45809 --- [complaint-service] [           main] org.hibernate.orm.connections.pooling    : HHH10001005: Database info:
	Database JDBC URL [Connecting through datasource 'HikariDataSource (HikariPool-1)']
	Database driver: undefined/unknown
	Database version: 2.3.232
	Autocommit mode: undefined/unknown
	Isolation level: undefined/unknown
	Minimum pool size: undefined/unknown
	Maximum pool size: undefined/unknown
2026-05-25T02:12:07.622+05:30  INFO 45809 --- [complaint-service] [           main] o.h.e.t.j.p.i.JtaPlatformInitiator       : HHH000489: No JTA platform available (set 'hibernate.transaction.jta.platform' to enable JTA platform integration)
Hibernate: create table complaints (id varchar(255) not null, contact_number varchar(255) not null, created_at varchar(255) not null, customer_id varchar(255) not null, description varchar(1000), room_number varchar(255) not null, status varchar(255) not null, type varchar(255) not null, primary key (id))
2026-05-25T02:12:07.788+05:30  INFO 45809 --- [complaint-service] [           main] j.LocalContainerEntityManagerFactoryBean : Initialized JPA EntityManagerFactory for persistence unit 'default'
2026-05-25T02:12:08.660+05:30  WARN 45809 --- [complaint-service] [           main] JpaBaseConfiguration$JpaWebConfiguration : spring.jpa.open-in-view is enabled by default. Therefore, database queries may be performed during view rendering. Explicitly configure spring.jpa.open-in-view to disable this warning
2026-05-25T02:12:09.360+05:30  INFO 45809 --- [complaint-service] [           main] o.s.b.a.h2.H2ConsoleAutoConfiguration    : H2 console available at '/h2-console'. Database available at 'jdbc:h2:mem:complaintdb'
2026-05-25T02:12:09.598+05:30  INFO 45809 --- [complaint-service] [           main] DiscoveryClientOptionalArgsConfiguration : Eureka HTTP Client uses RestTemplate.
2026-05-25T02:12:09.667+05:30  WARN 45809 --- [complaint-service] [           main] iguration$LoadBalancerCaffeineWarnLogger : Spring Cloud LoadBalancer is currently working with the default cache. While this cache implementation is useful for development and tests, it's recommended to use Caffeine cache in production.You can switch to using Caffeine cache, by adding it and org.springframework.cache.caffeine.CaffeineCacheManager to the classpath.
2026-05-25T02:12:09.712+05:30  INFO 45809 --- [complaint-service] [           main] o.s.c.n.eureka.InstanceInfoFactory       : Setting initial instance status as: STARTING
2026-05-25T02:12:09.790+05:30  INFO 45809 --- [complaint-service] [           main] com.netflix.discovery.DiscoveryClient    : Initializing Eureka in region us-east-1
2026-05-25T02:12:09.793+05:30  INFO 45809 --- [complaint-service] [           main] c.n.d.s.r.aws.ConfigClusterResolver      : Resolving eureka endpoints via configuration
2026-05-25T02:12:09.801+05:30  INFO 45809 --- [complaint-service] [           main] com.netflix.discovery.DiscoveryClient    : Disable delta property : false
2026-05-25T02:12:09.801+05:30  INFO 45809 --- [complaint-service] [           main] com.netflix.discovery.DiscoveryClient    : Single vip registry refresh property : null
2026-05-25T02:12:09.801+05:30  INFO 45809 --- [complaint-service] [           main] com.netflix.discovery.DiscoveryClient    : Force full registry fetch : false
2026-05-25T02:12:09.801+05:30  INFO 45809 --- [complaint-service] [           main] com.netflix.discovery.DiscoveryClient    : Application is null : false
2026-05-25T02:12:09.802+05:30  INFO 45809 --- [complaint-service] [           main] com.netflix.discovery.DiscoveryClient    : Registered Applications size is zero : true
2026-05-25T02:12:09.802+05:30  INFO 45809 --- [complaint-service] [           main] com.netflix.discovery.DiscoveryClient    : Application version is -1: true
2026-05-25T02:12:09.802+05:30  INFO 45809 --- [complaint-service] [           main] com.netflix.discovery.DiscoveryClient    : Getting all instance registry info from the eureka server
2026-05-25T02:12:10.563+05:30  INFO 45809 --- [complaint-service] [           main] com.netflix.discovery.DiscoveryClient    : The response status is 200
2026-05-25T02:12:10.564+05:30  INFO 45809 --- [complaint-service] [           main] com.netflix.discovery.DiscoveryClient    : Starting heartbeat executor: renew interval is: 30
2026-05-25T02:12:10.566+05:30  INFO 45809 --- [complaint-service] [           main] c.n.discovery.InstanceInfoReplicator     : InstanceInfoReplicator onDemand update allowed rate per min is 4
2026-05-25T02:12:10.568+05:30  INFO 45809 --- [complaint-service] [           main] com.netflix.discovery.DiscoveryClient    : Discovery Client initialized at timestamp 1779655330567 with initial instances count: 0
2026-05-25T02:12:10.573+05:30  INFO 45809 --- [complaint-service] [           main] o.s.c.n.e.s.EurekaServiceRegistry        : Registering application COMPLAINT-SERVICE with eureka with status UP
2026-05-25T02:12:10.574+05:30  INFO 45809 --- [complaint-service] [           main] com.netflix.discovery.DiscoveryClient    : Saw local status change event StatusChangeEvent [timestamp=1779655330574, current=UP, previous=STARTING]
2026-05-25T02:12:10.575+05:30  INFO 45809 --- [complaint-service] [foReplicator-%d] com.netflix.discovery.DiscoveryClient    : DiscoveryClient_COMPLAINT-SERVICE/192.168.1.26:complaint-service:8084: registering service...
2026-05-25T02:12:10.589+05:30  INFO 45809 --- [complaint-service] [           main] o.s.b.w.embedded.tomcat.TomcatWebServer  : Tomcat started on port 8084 (http) with context path '/'
2026-05-25T02:12:10.590+05:30  INFO 45809 --- [complaint-service] [           main] .s.c.n.e.s.EurekaAutoServiceRegistration : Updating port to 8084
2026-05-25T02:12:10.616+05:30  INFO 45809 --- [complaint-service] [foReplicator-%d] com.netflix.discovery.DiscoveryClient    : DiscoveryClient_COMPLAINT-SERVICE/192.168.1.26:complaint-service:8084 - registration status: 204
2026-05-25T02:12:10.617+05:30  INFO 45809 --- [complaint-service] [           main] c.h.c.ComplaintServiceApplication        : Started ComplaintServiceApplication in 9.626 seconds (process running for 10.444)
2026-05-25T02:12:40.572+05:30  INFO 45809 --- [complaint-service] [reshExecutor-%d] com.netflix.discovery.DiscoveryClient    : Disable delta property : false
2026-05-25T02:12:40.574+05:30  INFO 45809 --- [complaint-service] [reshExecutor-%d] com.netflix.discovery.DiscoveryClient    : Single vip registry refresh property : null
2026-05-25T02:12:40.575+05:30  INFO 45809 --- [complaint-service] [reshExecutor-%d] com.netflix.discovery.DiscoveryClient    : Force full registry fetch : false
2026-05-25T02:12:40.575+05:30  INFO 45809 --- [complaint-service] [reshExecutor-%d] com.netflix.discovery.DiscoveryClient    : Application is null : false
2026-05-25T02:12:40.575+05:30  INFO 45809 --- [complaint-service] [reshExecutor-%d] com.netflix.discovery.DiscoveryClient    : Registered Applications size is zero : true
2026-05-25T02:12:40.575+05:30  INFO 45809 --- [complaint-service] [reshExecutor-%d] com.netflix.discovery.DiscoveryClient    : Application version is -1: false
2026-05-25T02:12:40.575+05:30  INFO 45809 --- [complaint-service] [reshExecutor-%d] com.netflix.discovery.DiscoveryClient    : Getting all instance registry info from the eureka server
2026-05-25T02:12:40.609+05:30  INFO 45809 --- [complaint-service] [reshExecutor-%d] com.netflix.discovery.DiscoveryClient    : The response status is 200
2026-05-25T02:17:09.814+05:30  INFO 45809 --- [complaint-service] [rap-executor-%d] c.n.d.s.r.aws.ConfigClusterResolver      : Resolving eureka endpoints via configuration
2026-05-25T02:22:09.822+05:30  INFO 45809 --- [complaint-service] [rap-executor-%d] c.n.d.s.r.aws.ConfigClusterResolver      : Resolving eureka endpoints via configuration
2026-05-25T02:27:09.838+05:30  INFO 45809 --- [complaint-service] [rap-executor-%d] c.n.d.s.r.aws.ConfigClusterResolver      : Resolving eureka endpoints via configuration
2026-05-25T02:32:09.846+05:30  INFO 45809 --- [complaint-service] [rap-executor-%d] c.n.d.s.r.aws.ConfigClusterResolver      : Resolving eureka endpoints via configuration
2026-05-25T02:37:09.858+05:30  INFO 45809 --- [complaint-service] [rap-executor-%d] c.n.d.s.r.aws.ConfigClusterResolver      : Resolving eureka endpoints via configuration
2026-05-25T02:42:09.872+05:30  INFO 45809 --- [complaint-service] [rap-executor-%d] c.n.d.s.r.aws.ConfigClusterResolver      : Resolving eureka endpoints via configuration
