Standard Commons Logging discovery in action with spring-jcl: please remove commons-logging.jar from classpath in order to avoid potential conflicts

  .   ____          _            __ _ _
 /\\ / ___'_ __ _ _(_)_ __  __ _ \ \ \ \
( ( )\___ | '_ | '_| | '_ \/ _` | \ \ \ \
 \\/  ___)| |_)| | | | | || (_| |  ) ) ) )
  '  |____| .__|_| |_|_| |_\__, | / / / /
 =========|_|==============|___/=/_/_/_/

 :: Spring Boot ::                (v3.4.2)

2026-05-25T02:11:51.028+05:30  INFO 45796 --- [           main] c.hotel.eureka.EurekaServerApplication   : Starting EurekaServerApplication v1.0.0 using Java 21.0.2 with PID 45796 (/Users/subodhsingh/Downloads/HotelAngular/backend/eureka-server/target/eureka-server-1.0.0.jar started by subodhsingh in /Users/subodhsingh/Downloads/HotelAngular/backend)
2026-05-25T02:11:51.030+05:30  INFO 45796 --- [           main] c.hotel.eureka.EurekaServerApplication   : No active profile set, falling back to 1 default profile: "default"
2026-05-25T02:11:51.706+05:30  INFO 45796 --- [           main] o.s.cloud.context.scope.GenericScope     : BeanFactory id=6686b3d2-de92-38fe-8a3e-732c656658f0
2026-05-25T02:11:51.881+05:30  INFO 45796 --- [           main] o.s.b.w.embedded.tomcat.TomcatWebServer  : Tomcat initialized with port 8761 (http)
2026-05-25T02:11:51.888+05:30  INFO 45796 --- [           main] o.apache.catalina.core.StandardService   : Starting service [Tomcat]
2026-05-25T02:11:51.889+05:30  INFO 45796 --- [           main] o.apache.catalina.core.StandardEngine    : Starting Servlet engine: [Apache Tomcat/10.1.34]
2026-05-25T02:11:51.909+05:30  INFO 45796 --- [           main] o.a.c.c.C.[Tomcat].[localhost].[/]       : Initializing Spring embedded WebApplicationContext
2026-05-25T02:11:51.910+05:30  INFO 45796 --- [           main] w.s.c.ServletWebServerApplicationContext : Root WebApplicationContext: initialization completed in 845 ms
Standard Commons Logging discovery in action with spring-jcl: please remove commons-logging.jar from classpath in order to avoid potential conflicts
2026-05-25T02:11:52.445+05:30  INFO 45796 --- [           main] c.n.d.provider.DiscoveryJerseyProvider   : Using JSON encoding codec LegacyJacksonJson
2026-05-25T02:11:52.446+05:30  INFO 45796 --- [           main] c.n.d.provider.DiscoveryJerseyProvider   : Using JSON decoding codec LegacyJacksonJson
2026-05-25T02:11:52.558+05:30  INFO 45796 --- [           main] c.n.d.provider.DiscoveryJerseyProvider   : Using XML encoding codec XStreamXml
2026-05-25T02:11:52.558+05:30  INFO 45796 --- [           main] c.n.d.provider.DiscoveryJerseyProvider   : Using XML decoding codec XStreamXml
2026-05-25T02:11:52.648+05:30  INFO 45796 --- [           main] o.s.v.b.OptionalValidatorFactoryBean     : Failed to set up a Bean Validation provider: jakarta.validation.NoProviderFoundException: Unable to create a Configuration, because no Jakarta Bean Validation provider could be found. Add a provider like Hibernate Validator (RI) to your classpath.
2026-05-25T02:11:53.049+05:30  WARN 45796 --- [           main] iguration$LoadBalancerCaffeineWarnLogger : Spring Cloud LoadBalancer is currently working with the default cache. While this cache implementation is useful for development and tests, it's recommended to use Caffeine cache in production.You can switch to using Caffeine cache, by adding it and org.springframework.cache.caffeine.CaffeineCacheManager to the classpath.
2026-05-25T02:11:53.060+05:30  INFO 45796 --- [           main] o.s.c.n.eureka.InstanceInfoFactory       : Setting initial instance status as: STARTING
2026-05-25T02:11:53.072+05:30  INFO 45796 --- [           main] com.netflix.discovery.DiscoveryClient    : Initializing Eureka in region us-east-1
2026-05-25T02:11:53.072+05:30  INFO 45796 --- [           main] com.netflix.discovery.DiscoveryClient    : Client configured to neither register nor query for data.
2026-05-25T02:11:53.073+05:30  INFO 45796 --- [           main] com.netflix.discovery.DiscoveryClient    : Discovery Client initialized at timestamp 1779655313072 with initial instances count: 0
2026-05-25T02:11:53.100+05:30  INFO 45796 --- [           main] c.n.eureka.DefaultEurekaServerContext    : Initializing ...
2026-05-25T02:11:53.101+05:30  INFO 45796 --- [           main] c.n.eureka.cluster.PeerEurekaNodes       : Adding new peer nodes [http://localhost:8761/eureka/]
2026-05-25T02:11:53.191+05:30  INFO 45796 --- [           main] c.n.d.provider.DiscoveryJerseyProvider   : Using JSON encoding codec LegacyJacksonJson
2026-05-25T02:11:53.191+05:30  INFO 45796 --- [           main] c.n.d.provider.DiscoveryJerseyProvider   : Using JSON decoding codec LegacyJacksonJson
2026-05-25T02:11:53.191+05:30  INFO 45796 --- [           main] c.n.d.provider.DiscoveryJerseyProvider   : Using XML encoding codec XStreamXml
2026-05-25T02:11:53.191+05:30  INFO 45796 --- [           main] c.n.d.provider.DiscoveryJerseyProvider   : Using XML decoding codec XStreamXml
2026-05-25T02:11:53.278+05:30  INFO 45796 --- [           main] c.n.eureka.cluster.PeerEurekaNodes       : Replica node URL:  http://localhost:8761/eureka/
2026-05-25T02:11:53.284+05:30  INFO 45796 --- [           main] c.n.e.registry.AbstractInstanceRegistry  : Finished initializing remote region registries. All known remote regions: []
2026-05-25T02:11:53.284+05:30  INFO 45796 --- [           main] c.n.eureka.DefaultEurekaServerContext    : Initialized
2026-05-25T02:11:53.292+05:30  INFO 45796 --- [           main] o.s.b.a.e.web.EndpointLinksResolver      : Exposing 1 endpoint beneath base path '/actuator'
2026-05-25T02:11:53.317+05:30  INFO 45796 --- [           main] o.s.c.n.e.s.EurekaServiceRegistry        : Registering application UNKNOWN with eureka with status UP
2026-05-25T02:11:53.323+05:30  INFO 45796 --- [       Thread-9] o.s.c.n.e.server.EurekaServerBootstrap   : isAws returned false
2026-05-25T02:11:53.323+05:30  INFO 45796 --- [       Thread-9] o.s.c.n.e.server.EurekaServerBootstrap   : Initialized server context
2026-05-25T02:11:53.323+05:30  INFO 45796 --- [       Thread-9] c.n.e.r.PeerAwareInstanceRegistryImpl    : Got 1 instances from neighboring DS node
2026-05-25T02:11:53.324+05:30  INFO 45796 --- [       Thread-9] c.n.e.r.PeerAwareInstanceRegistryImpl    : Renew threshold is: 1
2026-05-25T02:11:53.324+05:30  INFO 45796 --- [       Thread-9] c.n.e.r.PeerAwareInstanceRegistryImpl    : Changing status to UP
2026-05-25T02:11:53.325+05:30  INFO 45796 --- [       Thread-9] e.s.EurekaServerInitializerConfiguration : Started Eureka Server
2026-05-25T02:11:53.331+05:30  INFO 45796 --- [           main] o.s.b.w.embedded.tomcat.TomcatWebServer  : Tomcat started on port 8761 (http) with context path '/'
2026-05-25T02:11:53.332+05:30  INFO 45796 --- [           main] .s.c.n.e.s.EurekaAutoServiceRegistration : Updating port to 8761
2026-05-25T02:11:53.345+05:30  INFO 45796 --- [           main] c.hotel.eureka.EurekaServerApplication   : Started EurekaServerApplication in 2.684 seconds (process running for 3.163)
2026-05-25T02:12:06.369+05:30  INFO 45796 --- [nio-8761-exec-1] o.a.c.c.C.[Tomcat].[localhost].[/]       : Initializing Spring DispatcherServlet 'dispatcherServlet'
2026-05-25T02:12:06.370+05:30  INFO 45796 --- [nio-8761-exec-1] o.s.web.servlet.DispatcherServlet        : Initializing Servlet 'dispatcherServlet'
2026-05-25T02:12:06.373+05:30  INFO 45796 --- [nio-8761-exec-1] o.s.web.servlet.DispatcherServlet        : Completed initialization in 2 ms
2026-05-25T02:12:06.750+05:30  INFO 45796 --- [nio-8761-exec-2] c.n.e.registry.AbstractInstanceRegistry  : Registered instance HISTORY-SERVICE/192.168.1.26:history-service:8086 with status UP (replication=false)
2026-05-25T02:12:07.463+05:30  INFO 45796 --- [nio-8761-exec-3] c.n.e.registry.AbstractInstanceRegistry  : Registered instance HISTORY-SERVICE/192.168.1.26:history-service:8086 with status UP (replication=true)
2026-05-25T02:12:10.418+05:30  INFO 45796 --- [nio-8761-exec-5] c.n.e.registry.AbstractInstanceRegistry  : Registered instance ROOM-SERVICE/192.168.1.26:room-service:8085 with status UP (replication=false)
2026-05-25T02:12:10.615+05:30  INFO 45796 --- [nio-8761-exec-7] c.n.e.registry.AbstractInstanceRegistry  : Registered instance COMPLAINT-SERVICE/192.168.1.26:complaint-service:8084 with status UP (replication=false)
2026-05-25T02:12:10.782+05:30  INFO 45796 --- [io-8761-exec-10] c.n.e.registry.AbstractInstanceRegistry  : Registered instance RESERVATION-SERVICE/192.168.1.26:reservation-service:8082 with status UP (replication=false)
2026-05-25T02:12:10.935+05:30  INFO 45796 --- [nio-8761-exec-2] c.n.e.registry.AbstractInstanceRegistry  : Registered instance ROOM-SERVICE/192.168.1.26:room-service:8085 with status UP (replication=true)
2026-05-25T02:12:10.936+05:30  INFO 45796 --- [nio-8761-exec-2] c.n.e.registry.AbstractInstanceRegistry  : Registered instance COMPLAINT-SERVICE/192.168.1.26:complaint-service:8084 with status UP (replication=true)
2026-05-25T02:12:10.938+05:30  INFO 45796 --- [nio-8761-exec-2] c.n.e.registry.AbstractInstanceRegistry  : Registered instance RESERVATION-SERVICE/192.168.1.26:reservation-service:8082 with status UP (replication=true)
2026-05-25T02:12:10.942+05:30  INFO 45796 --- [nio-8761-exec-3] c.n.e.registry.AbstractInstanceRegistry  : Registered instance BILLING-SERVICE/192.168.1.26:billing-service:8083 with status UP (replication=false)
2026-05-25T02:12:10.959+05:30  INFO 45796 --- [nio-8761-exec-4] c.n.e.registry.AbstractInstanceRegistry  : Registered instance AUTH-SERVICE/192.168.1.26:auth-service:8081 with status UP (replication=false)
2026-05-25T02:12:11.455+05:30  INFO 45796 --- [nio-8761-exec-5] c.n.e.registry.AbstractInstanceRegistry  : Registered instance BILLING-SERVICE/192.168.1.26:billing-service:8083 with status UP (replication=true)
2026-05-25T02:12:11.456+05:30  INFO 45796 --- [nio-8761-exec-5] c.n.e.registry.AbstractInstanceRegistry  : Registered instance AUTH-SERVICE/192.168.1.26:auth-service:8081 with status UP (replication=true)
2026-05-25T02:12:11.748+05:30  INFO 45796 --- [nio-8761-exec-7] c.n.e.registry.AbstractInstanceRegistry  : Registered instance API-GATEWAY/192.168.1.26:api-gateway:8080 with status UP (replication=false)
2026-05-25T02:12:12.261+05:30  INFO 45796 --- [nio-8761-exec-8] c.n.e.registry.AbstractInstanceRegistry  : Registered instance API-GATEWAY/192.168.1.26:api-gateway:8080 with status UP (replication=true)
2026-05-25T02:12:53.332+05:30  INFO 45796 --- [a-EvictionTimer] c.n.e.registry.AbstractInstanceRegistry  : Running the evict task with compensationTime 0ms
2026-05-25T02:13:53.332+05:30  INFO 45796 --- [a-EvictionTimer] c.n.e.registry.AbstractInstanceRegistry  : Running the evict task with compensationTime 0ms
2026-05-25T02:14:53.336+05:30  INFO 45796 --- [a-EvictionTimer] c.n.e.registry.AbstractInstanceRegistry  : Running the evict task with compensationTime 3ms
2026-05-25T02:15:53.341+05:30  INFO 45796 --- [a-EvictionTimer] c.n.e.registry.AbstractInstanceRegistry  : Running the evict task with compensationTime 4ms
2026-05-25T02:16:53.346+05:30  INFO 45796 --- [a-EvictionTimer] c.n.e.registry.AbstractInstanceRegistry  : Running the evict task with compensationTime 4ms
2026-05-25T02:17:53.352+05:30  INFO 45796 --- [a-EvictionTimer] c.n.e.registry.AbstractInstanceRegistry  : Running the evict task with compensationTime 4ms
2026-05-25T02:18:53.352+05:30  INFO 45796 --- [a-EvictionTimer] c.n.e.registry.AbstractInstanceRegistry  : Running the evict task with compensationTime 1ms
2026-05-25T02:19:53.357+05:30  INFO 45796 --- [a-EvictionTimer] c.n.e.registry.AbstractInstanceRegistry  : Running the evict task with compensationTime 3ms
2026-05-25T02:20:53.361+05:30  INFO 45796 --- [a-EvictionTimer] c.n.e.registry.AbstractInstanceRegistry  : Running the evict task with compensationTime 3ms
2026-05-25T02:21:53.361+05:30  INFO 45796 --- [a-EvictionTimer] c.n.e.registry.AbstractInstanceRegistry  : Running the evict task with compensationTime 0ms
2026-05-25T02:22:53.364+05:30  INFO 45796 --- [a-EvictionTimer] c.n.e.registry.AbstractInstanceRegistry  : Running the evict task with compensationTime 2ms
2026-05-25T02:23:34.056+05:30  INFO 45796 --- [nio-8761-exec-3] c.n.e.registry.AbstractInstanceRegistry  : Registered instance BILLING-SERVICE/192.168.1.26:billing-service:8083 with status UP (replication=false)
2026-05-25T02:23:34.056+05:30  INFO 45796 --- [nio-8761-exec-9] c.n.e.registry.AbstractInstanceRegistry  : Registered instance RESERVATION-SERVICE/192.168.1.26:reservation-service:8082 with status UP (replication=false)
2026-05-25T02:23:34.570+05:30  INFO 45796 --- [nio-8761-exec-7] c.n.e.registry.AbstractInstanceRegistry  : Registered instance RESERVATION-SERVICE/192.168.1.26:reservation-service:8082 with status UP (replication=true)
2026-05-25T02:23:34.570+05:30  INFO 45796 --- [nio-8761-exec-7] c.n.e.registry.AbstractInstanceRegistry  : Registered instance BILLING-SERVICE/192.168.1.26:billing-service:8083 with status UP (replication=true)
2026-05-25T02:23:53.374+05:30  INFO 45796 --- [a-EvictionTimer] c.n.e.registry.AbstractInstanceRegistry  : Running the evict task with compensationTime 5ms
2026-05-25T02:24:53.378+05:30  INFO 45796 --- [a-EvictionTimer] c.n.e.registry.AbstractInstanceRegistry  : Running the evict task with compensationTime 3ms
2026-05-25T02:25:53.383+05:30  INFO 45796 --- [a-EvictionTimer] c.n.e.registry.AbstractInstanceRegistry  : Running the evict task with compensationTime 4ms
2026-05-25T02:26:53.302+05:30  INFO 45796 --- [hresholdUpdater] c.n.e.r.PeerAwareInstanceRegistryImpl    : Current renewal threshold is : 13
2026-05-25T02:26:53.384+05:30  INFO 45796 --- [a-EvictionTimer] c.n.e.registry.AbstractInstanceRegistry  : Running the evict task with compensationTime 0ms
2026-05-25T02:27:53.391+05:30  INFO 45796 --- [a-EvictionTimer] c.n.e.registry.AbstractInstanceRegistry  : Running the evict task with compensationTime 5ms
2026-05-25T02:28:53.392+05:30  INFO 45796 --- [a-EvictionTimer] c.n.e.registry.AbstractInstanceRegistry  : Running the evict task with compensationTime 1ms
2026-05-25T02:29:53.399+05:30  INFO 45796 --- [a-EvictionTimer] c.n.e.registry.AbstractInstanceRegistry  : Running the evict task with compensationTime 5ms
2026-05-25T02:30:53.404+05:30  INFO 45796 --- [a-EvictionTimer] c.n.e.registry.AbstractInstanceRegistry  : Running the evict task with compensationTime 4ms
2026-05-25T02:31:53.404+05:30  INFO 45796 --- [a-EvictionTimer] c.n.e.registry.AbstractInstanceRegistry  : Running the evict task with compensationTime 0ms
2026-05-25T02:32:53.409+05:30  INFO 45796 --- [a-EvictionTimer] c.n.e.registry.AbstractInstanceRegistry  : Running the evict task with compensationTime 4ms
2026-05-25T02:33:53.415+05:30  INFO 45796 --- [a-EvictionTimer] c.n.e.registry.AbstractInstanceRegistry  : Running the evict task with compensationTime 5ms
2026-05-25T02:34:53.419+05:30  INFO 45796 --- [a-EvictionTimer] c.n.e.registry.AbstractInstanceRegistry  : Running the evict task with compensationTime 3ms
2026-05-25T02:35:53.423+05:30  INFO 45796 --- [a-EvictionTimer] c.n.e.registry.AbstractInstanceRegistry  : Running the evict task with compensationTime 3ms
2026-05-25T02:36:53.426+05:30  INFO 45796 --- [a-EvictionTimer] c.n.e.registry.AbstractInstanceRegistry  : Running the evict task with compensationTime 2ms
2026-05-25T02:37:53.431+05:30  INFO 45796 --- [a-EvictionTimer] c.n.e.registry.AbstractInstanceRegistry  : Running the evict task with compensationTime 3ms
2026-05-25T02:38:53.434+05:30  INFO 45796 --- [a-EvictionTimer] c.n.e.registry.AbstractInstanceRegistry  : Running the evict task with compensationTime 3ms
2026-05-25T02:39:53.440+05:30  INFO 45796 --- [a-EvictionTimer] c.n.e.registry.AbstractInstanceRegistry  : Running the evict task with compensationTime 3ms
2026-05-25T02:40:53.446+05:30  INFO 45796 --- [a-EvictionTimer] c.n.e.registry.AbstractInstanceRegistry  : Running the evict task with compensationTime 5ms
2026-05-25T02:41:53.314+05:30  INFO 45796 --- [hresholdUpdater] c.n.e.r.PeerAwareInstanceRegistryImpl    : Current renewal threshold is : 13
2026-05-25T02:41:53.451+05:30  INFO 45796 --- [a-EvictionTimer] c.n.e.registry.AbstractInstanceRegistry  : Running the evict task with compensationTime 5ms
2026-05-25T02:42:53.455+05:30  INFO 45796 --- [a-EvictionTimer] c.n.e.registry.AbstractInstanceRegistry  : Running the evict task with compensationTime 3ms
2026-05-25T02:43:53.459+05:30  INFO 45796 --- [a-EvictionTimer] c.n.e.registry.AbstractInstanceRegistry  : Running the evict task with compensationTime 1ms
2026-05-25T02:44:53.459+05:30  INFO 45796 --- [a-EvictionTimer] c.n.e.registry.AbstractInstanceRegistry  : Running the evict task with compensationTime 1ms
