
  .   ____          _            __ _ _
 /\\ / ___'_ __ _ _(_)_ __  __ _ \ \ \ \
( ( )\___ | '_ | '_| | '_ \/ _` | \ \ \ \
 \\/  ___)| |_)| | | | | || (_| |  ) ) ) )
  '  |____| .__|_| |_|_| |_\__, | / / / /
 =========|_|==============|___/=/_/_/_/

 :: Spring Boot ::                (v3.4.2)

2026-05-25T02:12:01.989+05:30  INFO 45810 --- [history-service] [           main] c.h.history.HistoryServiceApplication    : Starting HistoryServiceApplication v1.0.0 using Java 21.0.2 with PID 45810 (/Users/subodhsingh/Downloads/HotelAngular/backend/history-service/target/history-service-1.0.0.jar started by subodhsingh in /Users/subodhsingh/Downloads/HotelAngular/backend)
2026-05-25T02:12:01.993+05:30  INFO 45810 --- [history-service] [           main] c.h.history.HistoryServiceApplication    : No active profile set, falling back to 1 default profile: "default"
2026-05-25T02:12:03.695+05:30  INFO 45810 --- [history-service] [           main] o.s.cloud.context.scope.GenericScope     : BeanFactory id=e2eb0ad0-1fc2-3c1d-99de-8d49c46a1ee9
2026-05-25T02:12:03.956+05:30  INFO 45810 --- [history-service] [           main] o.s.b.w.embedded.tomcat.TomcatWebServer  : Tomcat initialized with port 8086 (http)
2026-05-25T02:12:03.968+05:30  INFO 45810 --- [history-service] [           main] o.apache.catalina.core.StandardService   : Starting service [Tomcat]
2026-05-25T02:12:03.968+05:30  INFO 45810 --- [history-service] [           main] o.apache.catalina.core.StandardEngine    : Starting Servlet engine: [Apache Tomcat/10.1.34]
2026-05-25T02:12:03.989+05:30  INFO 45810 --- [history-service] [           main] o.a.c.c.C.[Tomcat].[localhost].[/]       : Initializing Spring embedded WebApplicationContext
2026-05-25T02:12:03.990+05:30  INFO 45810 --- [history-service] [           main] w.s.c.ServletWebServerApplicationContext : Root WebApplicationContext: initialization completed in 1796 ms
2026-05-25T02:12:04.512+05:30  INFO 45810 --- [history-service] [           main] o.s.c.openfeign.FeignClientFactoryBean   : For 'reservation-service' URL not provided. Will try picking an instance via load-balancing.
2026-05-25T02:12:05.421+05:30  INFO 45810 --- [history-service] [           main] DiscoveryClientOptionalArgsConfiguration : Eureka HTTP Client uses RestTemplate.
2026-05-25T02:12:05.459+05:30  WARN 45810 --- [history-service] [           main] iguration$LoadBalancerCaffeineWarnLogger : Spring Cloud LoadBalancer is currently working with the default cache. While this cache implementation is useful for development and tests, it's recommended to use Caffeine cache in production.You can switch to using Caffeine cache, by adding it and org.springframework.cache.caffeine.CaffeineCacheManager to the classpath.
2026-05-25T02:12:05.666+05:30  INFO 45810 --- [history-service] [           main] o.s.c.n.eureka.InstanceInfoFactory       : Setting initial instance status as: STARTING
2026-05-25T02:12:05.691+05:30  INFO 45810 --- [history-service] [           main] com.netflix.discovery.DiscoveryClient    : Initializing Eureka in region us-east-1
2026-05-25T02:12:05.697+05:30  INFO 45810 --- [history-service] [           main] c.n.d.s.r.aws.ConfigClusterResolver      : Resolving eureka endpoints via configuration
2026-05-25T02:12:05.706+05:30  INFO 45810 --- [history-service] [           main] com.netflix.discovery.DiscoveryClient    : Disable delta property : false
2026-05-25T02:12:05.706+05:30  INFO 45810 --- [history-service] [           main] com.netflix.discovery.DiscoveryClient    : Single vip registry refresh property : null
2026-05-25T02:12:05.706+05:30  INFO 45810 --- [history-service] [           main] com.netflix.discovery.DiscoveryClient    : Force full registry fetch : false
2026-05-25T02:12:05.706+05:30  INFO 45810 --- [history-service] [           main] com.netflix.discovery.DiscoveryClient    : Application is null : false
2026-05-25T02:12:05.706+05:30  INFO 45810 --- [history-service] [           main] com.netflix.discovery.DiscoveryClient    : Registered Applications size is zero : true
2026-05-25T02:12:05.706+05:30  INFO 45810 --- [history-service] [           main] com.netflix.discovery.DiscoveryClient    : Application version is -1: true
2026-05-25T02:12:05.706+05:30  INFO 45810 --- [history-service] [           main] com.netflix.discovery.DiscoveryClient    : Getting all instance registry info from the eureka server
2026-05-25T02:12:06.562+05:30  INFO 45810 --- [history-service] [           main] com.netflix.discovery.DiscoveryClient    : The response status is 200
2026-05-25T02:12:06.565+05:30  INFO 45810 --- [history-service] [           main] com.netflix.discovery.DiscoveryClient    : Starting heartbeat executor: renew interval is: 30
2026-05-25T02:12:06.569+05:30  INFO 45810 --- [history-service] [           main] c.n.discovery.InstanceInfoReplicator     : InstanceInfoReplicator onDemand update allowed rate per min is 4
2026-05-25T02:12:06.572+05:30  INFO 45810 --- [history-service] [           main] com.netflix.discovery.DiscoveryClient    : Discovery Client initialized at timestamp 1779655326572 with initial instances count: 0
2026-05-25T02:12:06.576+05:30  INFO 45810 --- [history-service] [           main] o.s.c.n.e.s.EurekaServiceRegistry        : Registering application HISTORY-SERVICE with eureka with status UP
2026-05-25T02:12:06.577+05:30  INFO 45810 --- [history-service] [           main] com.netflix.discovery.DiscoveryClient    : Saw local status change event StatusChangeEvent [timestamp=1779655326577, current=UP, previous=STARTING]
2026-05-25T02:12:06.579+05:30  INFO 45810 --- [history-service] [foReplicator-%d] com.netflix.discovery.DiscoveryClient    : DiscoveryClient_HISTORY-SERVICE/192.168.1.26:history-service:8086: registering service...
2026-05-25T02:12:06.600+05:30  INFO 45810 --- [history-service] [           main] o.s.b.w.embedded.tomcat.TomcatWebServer  : Tomcat started on port 8086 (http) with context path '/'
2026-05-25T02:12:06.600+05:30  INFO 45810 --- [history-service] [           main] .s.c.n.e.s.EurekaAutoServiceRegistration : Updating port to 8086
2026-05-25T02:12:06.653+05:30  INFO 45810 --- [history-service] [           main] c.h.history.HistoryServiceApplication    : Started HistoryServiceApplication in 5.645 seconds (process running for 6.476)
2026-05-25T02:12:06.763+05:30  INFO 45810 --- [history-service] [foReplicator-%d] com.netflix.discovery.DiscoveryClient    : DiscoveryClient_HISTORY-SERVICE/192.168.1.26:history-service:8086 - registration status: 204
2026-05-25T02:12:36.569+05:30  INFO 45810 --- [history-service] [reshExecutor-%d] com.netflix.discovery.DiscoveryClient    : Disable delta property : false
2026-05-25T02:12:36.572+05:30  INFO 45810 --- [history-service] [reshExecutor-%d] com.netflix.discovery.DiscoveryClient    : Single vip registry refresh property : null
2026-05-25T02:12:36.572+05:30  INFO 45810 --- [history-service] [reshExecutor-%d] com.netflix.discovery.DiscoveryClient    : Force full registry fetch : false
2026-05-25T02:12:36.572+05:30  INFO 45810 --- [history-service] [reshExecutor-%d] com.netflix.discovery.DiscoveryClient    : Application is null : false
2026-05-25T02:12:36.573+05:30  INFO 45810 --- [history-service] [reshExecutor-%d] com.netflix.discovery.DiscoveryClient    : Registered Applications size is zero : true
2026-05-25T02:12:36.573+05:30  INFO 45810 --- [history-service] [reshExecutor-%d] com.netflix.discovery.DiscoveryClient    : Application version is -1: false
2026-05-25T02:12:36.573+05:30  INFO 45810 --- [history-service] [reshExecutor-%d] com.netflix.discovery.DiscoveryClient    : Getting all instance registry info from the eureka server
2026-05-25T02:12:36.601+05:30  INFO 45810 --- [history-service] [reshExecutor-%d] com.netflix.discovery.DiscoveryClient    : The response status is 200
2026-05-25T02:15:58.511+05:30  INFO 45810 --- [history-service] [nio-8086-exec-1] o.a.c.c.C.[Tomcat].[localhost].[/]       : Initializing Spring DispatcherServlet 'dispatcherServlet'
2026-05-25T02:15:58.512+05:30  INFO 45810 --- [history-service] [nio-8086-exec-1] o.s.web.servlet.DispatcherServlet        : Initializing Servlet 'dispatcherServlet'
2026-05-25T02:15:58.516+05:30  INFO 45810 --- [history-service] [nio-8086-exec-1] o.s.web.servlet.DispatcherServlet        : Completed initialization in 4 ms
2026-05-25T02:17:05.716+05:30  INFO 45810 --- [history-service] [rap-executor-%d] c.n.d.s.r.aws.ConfigClusterResolver      : Resolving eureka endpoints via configuration
2026-05-25T02:22:05.727+05:30  INFO 45810 --- [history-service] [rap-executor-%d] c.n.d.s.r.aws.ConfigClusterResolver      : Resolving eureka endpoints via configuration
2026-05-25T02:27:05.741+05:30  INFO 45810 --- [history-service] [rap-executor-%d] c.n.d.s.r.aws.ConfigClusterResolver      : Resolving eureka endpoints via configuration
2026-05-25T02:32:05.754+05:30  INFO 45810 --- [history-service] [rap-executor-%d] c.n.d.s.r.aws.ConfigClusterResolver      : Resolving eureka endpoints via configuration
2026-05-25T02:37:05.766+05:30  INFO 45810 --- [history-service] [rap-executor-%d] c.n.d.s.r.aws.ConfigClusterResolver      : Resolving eureka endpoints via configuration
2026-05-25T02:42:05.781+05:30  INFO 45810 --- [history-service] [rap-executor-%d] c.n.d.s.r.aws.ConfigClusterResolver      : Resolving eureka endpoints via configuration
