
  .   ____          _            __ _ _
 /\\ / ___'_ __ _ _(_)_ __  __ _ \ \ \ \
( ( )\___ | '_ | '_| | '_ \/ _` | \ \ \ \
 \\/  ___)| |_)| | | | | || (_| |  ) ) ) )
  '  |____| .__|_| |_|_| |_\__, | / / / /
 =========|_|==============|___/=/_/_/_/

 :: Spring Boot ::                (v3.4.2)

2026-05-25T02:23:30.399+05:30  INFO 46101 --- [reservation-service] [           main] c.h.r.ReservationServiceApplication      : Starting ReservationServiceApplication v1.0.0 using Java 21.0.2 with PID 46101 (/Users/subodhsingh/Downloads/HotelAngular/backend/reservation-service/target/reservation-service-1.0.0.jar started by subodhsingh in /Users/subodhsingh/Downloads/HotelAngular/backend)
2026-05-25T02:23:30.400+05:30  INFO 46101 --- [reservation-service] [           main] c.h.r.ReservationServiceApplication      : No active profile set, falling back to 1 default profile: "default"
2026-05-25T02:23:31.003+05:30  INFO 46101 --- [reservation-service] [           main] .s.d.r.c.RepositoryConfigurationDelegate : Bootstrapping Spring Data JPA repositories in DEFAULT mode.
2026-05-25T02:23:31.119+05:30  INFO 46101 --- [reservation-service] [           main] .s.d.r.c.RepositoryConfigurationDelegate : Finished Spring Data repository scanning in 109 ms. Found 1 JPA repository interface.
2026-05-25T02:23:31.343+05:30  INFO 46101 --- [reservation-service] [           main] o.s.cloud.context.scope.GenericScope     : BeanFactory id=1edac586-d507-35b0-882f-6c04668ec3d5
2026-05-25T02:23:31.589+05:30  INFO 46101 --- [reservation-service] [           main] o.s.b.w.embedded.tomcat.TomcatWebServer  : Tomcat initialized with port 8082 (http)
2026-05-25T02:23:31.598+05:30  INFO 46101 --- [reservation-service] [           main] o.apache.catalina.core.StandardService   : Starting service [Tomcat]
2026-05-25T02:23:31.598+05:30  INFO 46101 --- [reservation-service] [           main] o.apache.catalina.core.StandardEngine    : Starting Servlet engine: [Apache Tomcat/10.1.34]
2026-05-25T02:23:31.618+05:30  INFO 46101 --- [reservation-service] [           main] o.a.c.c.C.[Tomcat].[localhost].[/]       : Initializing Spring embedded WebApplicationContext
2026-05-25T02:23:31.618+05:30  INFO 46101 --- [reservation-service] [           main] w.s.c.ServletWebServerApplicationContext : Root WebApplicationContext: initialization completed in 1168 ms
2026-05-25T02:23:31.736+05:30  INFO 46101 --- [reservation-service] [           main] o.hibernate.jpa.internal.util.LogHelper  : HHH000204: Processing PersistenceUnitInfo [name: default]
2026-05-25T02:23:31.782+05:30  INFO 46101 --- [reservation-service] [           main] org.hibernate.Version                    : HHH000412: Hibernate ORM core version 6.6.5.Final
2026-05-25T02:23:31.812+05:30  INFO 46101 --- [reservation-service] [           main] o.h.c.internal.RegionFactoryInitiator    : HHH000026: Second-level cache disabled
2026-05-25T02:23:31.982+05:30  INFO 46101 --- [reservation-service] [           main] o.s.o.j.p.SpringPersistenceUnitInfo      : No LoadTimeWeaver setup: ignoring JPA class transformer
2026-05-25T02:23:32.002+05:30  INFO 46101 --- [reservation-service] [           main] com.zaxxer.hikari.HikariDataSource       : HikariPool-1 - Starting...
2026-05-25T02:23:32.130+05:30  INFO 46101 --- [reservation-service] [           main] com.zaxxer.hikari.pool.HikariPool        : HikariPool-1 - Added connection conn0: url=jdbc:h2:mem:reservationdb user=SA
2026-05-25T02:23:32.131+05:30  INFO 46101 --- [reservation-service] [           main] com.zaxxer.hikari.HikariDataSource       : HikariPool-1 - Start completed.
2026-05-25T02:23:32.151+05:30  WARN 46101 --- [reservation-service] [           main] org.hibernate.orm.deprecation            : HHH90000025: H2Dialect does not need to be specified explicitly using 'hibernate.dialect' (remove the property setting and it will be selected by default)
2026-05-25T02:23:32.163+05:30  INFO 46101 --- [reservation-service] [           main] org.hibernate.orm.connections.pooling    : HHH10001005: Database info:
	Database JDBC URL [Connecting through datasource 'HikariDataSource (HikariPool-1)']
	Database driver: undefined/unknown
	Database version: 2.3.232
	Autocommit mode: undefined/unknown
	Isolation level: undefined/unknown
	Minimum pool size: undefined/unknown
	Maximum pool size: undefined/unknown
2026-05-25T02:23:32.817+05:30  INFO 46101 --- [reservation-service] [           main] o.h.e.t.j.p.i.JtaPlatformInitiator       : HHH000489: No JTA platform available (set 'hibernate.transaction.jta.platform' to enable JTA platform integration)
Hibernate: create table reservations (id varchar(255) not null, booking_date varchar(255) not null, check_in varchar(255) not null, check_out varchar(255) not null, customer_email varchar(255) not null, customer_id varchar(255) not null, customer_name varchar(255) not null, customer_phone varchar(255) not null, room_number varchar(255), room_type varchar(255) not null, status varchar(255) not null, total_amount float(53) not null, primary key (id))
2026-05-25T02:23:32.852+05:30  INFO 46101 --- [reservation-service] [           main] j.LocalContainerEntityManagerFactoryBean : Initialized JPA EntityManagerFactory for persistence unit 'default'
2026-05-25T02:23:33.143+05:30  WARN 46101 --- [reservation-service] [           main] JpaBaseConfiguration$JpaWebConfiguration : spring.jpa.open-in-view is enabled by default. Therefore, database queries may be performed during view rendering. Explicitly configure spring.jpa.open-in-view to disable this warning
2026-05-25T02:23:33.221+05:30  INFO 46101 --- [reservation-service] [           main] o.s.c.openfeign.FeignClientFactoryBean   : For 'room-service' URL not provided. Will try picking an instance via load-balancing.
2026-05-25T02:23:33.270+05:30  INFO 46101 --- [reservation-service] [           main] o.s.c.openfeign.FeignClientFactoryBean   : For 'billing-service' URL not provided. Will try picking an instance via load-balancing.
2026-05-25T02:23:33.547+05:30  INFO 46101 --- [reservation-service] [           main] o.s.b.a.h2.H2ConsoleAutoConfiguration    : H2 console available at '/h2-console'. Database available at 'jdbc:h2:mem:reservationdb'
2026-05-25T02:23:33.620+05:30  INFO 46101 --- [reservation-service] [           main] DiscoveryClientOptionalArgsConfiguration : Eureka HTTP Client uses RestTemplate.
2026-05-25T02:23:33.642+05:30  WARN 46101 --- [reservation-service] [           main] iguration$LoadBalancerCaffeineWarnLogger : Spring Cloud LoadBalancer is currently working with the default cache. While this cache implementation is useful for development and tests, it's recommended to use Caffeine cache in production.You can switch to using Caffeine cache, by adding it and org.springframework.cache.caffeine.CaffeineCacheManager to the classpath.
2026-05-25T02:23:33.667+05:30  INFO 46101 --- [reservation-service] [           main] o.s.c.n.eureka.InstanceInfoFactory       : Setting initial instance status as: STARTING
2026-05-25T02:23:33.689+05:30  INFO 46101 --- [reservation-service] [           main] com.netflix.discovery.DiscoveryClient    : Initializing Eureka in region us-east-1
2026-05-25T02:23:33.692+05:30  INFO 46101 --- [reservation-service] [           main] c.n.d.s.r.aws.ConfigClusterResolver      : Resolving eureka endpoints via configuration
2026-05-25T02:23:33.700+05:30  INFO 46101 --- [reservation-service] [           main] com.netflix.discovery.DiscoveryClient    : Disable delta property : false
2026-05-25T02:23:33.700+05:30  INFO 46101 --- [reservation-service] [           main] com.netflix.discovery.DiscoveryClient    : Single vip registry refresh property : null
2026-05-25T02:23:33.700+05:30  INFO 46101 --- [reservation-service] [           main] com.netflix.discovery.DiscoveryClient    : Force full registry fetch : false
2026-05-25T02:23:33.700+05:30  INFO 46101 --- [reservation-service] [           main] com.netflix.discovery.DiscoveryClient    : Application is null : false
2026-05-25T02:23:33.700+05:30  INFO 46101 --- [reservation-service] [           main] com.netflix.discovery.DiscoveryClient    : Registered Applications size is zero : true
2026-05-25T02:23:33.700+05:30  INFO 46101 --- [reservation-service] [           main] com.netflix.discovery.DiscoveryClient    : Application version is -1: true
2026-05-25T02:23:33.700+05:30  INFO 46101 --- [reservation-service] [           main] com.netflix.discovery.DiscoveryClient    : Getting all instance registry info from the eureka server
2026-05-25T02:23:34.017+05:30  INFO 46101 --- [reservation-service] [           main] com.netflix.discovery.DiscoveryClient    : The response status is 200
2026-05-25T02:23:34.018+05:30  INFO 46101 --- [reservation-service] [           main] com.netflix.discovery.DiscoveryClient    : Starting heartbeat executor: renew interval is: 30
2026-05-25T02:23:34.019+05:30  INFO 46101 --- [reservation-service] [           main] c.n.discovery.InstanceInfoReplicator     : InstanceInfoReplicator onDemand update allowed rate per min is 4
2026-05-25T02:23:34.020+05:30  INFO 46101 --- [reservation-service] [           main] com.netflix.discovery.DiscoveryClient    : Discovery Client initialized at timestamp 1779656014020 with initial instances count: 7
2026-05-25T02:23:34.023+05:30  INFO 46101 --- [reservation-service] [           main] o.s.c.n.e.s.EurekaServiceRegistry        : Registering application RESERVATION-SERVICE with eureka with status UP
2026-05-25T02:23:34.023+05:30  INFO 46101 --- [reservation-service] [           main] com.netflix.discovery.DiscoveryClient    : Saw local status change event StatusChangeEvent [timestamp=1779656014023, current=UP, previous=STARTING]
2026-05-25T02:23:34.025+05:30  INFO 46101 --- [reservation-service] [foReplicator-%d] com.netflix.discovery.DiscoveryClient    : DiscoveryClient_RESERVATION-SERVICE/192.168.1.26:reservation-service:8082: registering service...
2026-05-25T02:23:34.038+05:30  INFO 46101 --- [reservation-service] [           main] o.s.b.w.embedded.tomcat.TomcatWebServer  : Tomcat started on port 8082 (http) with context path '/'
2026-05-25T02:23:34.039+05:30  INFO 46101 --- [reservation-service] [           main] .s.c.n.e.s.EurekaAutoServiceRegistration : Updating port to 8082
2026-05-25T02:23:34.058+05:30  INFO 46101 --- [reservation-service] [           main] c.h.r.ReservationServiceApplication      : Started ReservationServiceApplication in 4.084 seconds (process running for 4.704)
2026-05-25T02:23:34.059+05:30  INFO 46101 --- [reservation-service] [foReplicator-%d] com.netflix.discovery.DiscoveryClient    : DiscoveryClient_RESERVATION-SERVICE/192.168.1.26:reservation-service:8082 - registration status: 204
2026-05-25T02:24:34.963+05:30  INFO 46101 --- [reservation-service] [nio-8082-exec-1] o.a.c.c.C.[Tomcat].[localhost].[/]       : Initializing Spring DispatcherServlet 'dispatcherServlet'
2026-05-25T02:24:34.964+05:30  INFO 46101 --- [reservation-service] [nio-8082-exec-1] o.s.web.servlet.DispatcherServlet        : Initializing Servlet 'dispatcherServlet'
2026-05-25T02:24:34.967+05:30  INFO 46101 --- [reservation-service] [nio-8082-exec-1] o.s.web.servlet.DispatcherServlet        : Completed initialization in 3 ms
Hibernate: select r1_0.id,r1_0.booking_date,r1_0.check_in,r1_0.check_out,r1_0.customer_email,r1_0.customer_id,r1_0.customer_name,r1_0.customer_phone,r1_0.room_number,r1_0.room_type,r1_0.status,r1_0.total_amount from reservations r1_0
Hibernate: insert into reservations (booking_date,check_in,check_out,customer_email,customer_id,customer_name,customer_phone,room_number,room_type,status,total_amount,id) values (?,?,?,?,?,?,?,?,?,?,?,?)
Hibernate: select r1_0.id,r1_0.booking_date,r1_0.check_in,r1_0.check_out,r1_0.customer_email,r1_0.customer_id,r1_0.customer_name,r1_0.customer_phone,r1_0.room_number,r1_0.room_type,r1_0.status,r1_0.total_amount from reservations r1_0
Hibernate: insert into reservations (booking_date,check_in,check_out,customer_email,customer_id,customer_name,customer_phone,room_number,room_type,status,total_amount,id) values (?,?,?,?,?,?,?,?,?,?,?,?)
Hibernate: select r1_0.id,r1_0.booking_date,r1_0.check_in,r1_0.check_out,r1_0.customer_email,r1_0.customer_id,r1_0.customer_name,r1_0.customer_phone,r1_0.room_number,r1_0.room_type,r1_0.status,r1_0.total_amount from reservations r1_0
Hibernate: select r1_0.id,r1_0.booking_date,r1_0.check_in,r1_0.check_out,r1_0.customer_email,r1_0.customer_id,r1_0.customer_name,r1_0.customer_phone,r1_0.room_number,r1_0.room_type,r1_0.status,r1_0.total_amount from reservations r1_0 where r1_0.customer_id=?
Hibernate: select r1_0.id,r1_0.booking_date,r1_0.check_in,r1_0.check_out,r1_0.customer_email,r1_0.customer_id,r1_0.customer_name,r1_0.customer_phone,r1_0.room_number,r1_0.room_type,r1_0.status,r1_0.total_amount from reservations r1_0
Hibernate: select r1_0.id,r1_0.booking_date,r1_0.check_in,r1_0.check_out,r1_0.customer_email,r1_0.customer_id,r1_0.customer_name,r1_0.customer_phone,r1_0.room_number,r1_0.room_type,r1_0.status,r1_0.total_amount from reservations r1_0 where r1_0.customer_id=?
Hibernate: select r1_0.id,r1_0.booking_date,r1_0.check_in,r1_0.check_out,r1_0.customer_email,r1_0.customer_id,r1_0.customer_name,r1_0.customer_phone,r1_0.room_number,r1_0.room_type,r1_0.status,r1_0.total_amount from reservations r1_0
Hibernate: select r1_0.id,r1_0.booking_date,r1_0.check_in,r1_0.check_out,r1_0.customer_email,r1_0.customer_id,r1_0.customer_name,r1_0.customer_phone,r1_0.room_number,r1_0.room_type,r1_0.status,r1_0.total_amount from reservations r1_0
Hibernate: select r1_0.id,r1_0.booking_date,r1_0.check_in,r1_0.check_out,r1_0.customer_email,r1_0.customer_id,r1_0.customer_name,r1_0.customer_phone,r1_0.room_number,r1_0.room_type,r1_0.status,r1_0.total_amount from reservations r1_0
Hibernate: select r1_0.id,r1_0.booking_date,r1_0.check_in,r1_0.check_out,r1_0.customer_email,r1_0.customer_id,r1_0.customer_name,r1_0.customer_phone,r1_0.room_number,r1_0.room_type,r1_0.status,r1_0.total_amount from reservations r1_0 where r1_0.id=?
Hibernate: update reservations set booking_date=?,check_in=?,check_out=?,customer_email=?,customer_id=?,customer_name=?,customer_phone=?,room_number=?,room_type=?,status=?,total_amount=? where id=?
Hibernate: select r1_0.id,r1_0.booking_date,r1_0.check_in,r1_0.check_out,r1_0.customer_email,r1_0.customer_id,r1_0.customer_name,r1_0.customer_phone,r1_0.room_number,r1_0.room_type,r1_0.status,r1_0.total_amount from reservations r1_0
Hibernate: select r1_0.id,r1_0.booking_date,r1_0.check_in,r1_0.check_out,r1_0.customer_email,r1_0.customer_id,r1_0.customer_name,r1_0.customer_phone,r1_0.room_number,r1_0.room_type,r1_0.status,r1_0.total_amount from reservations r1_0 where r1_0.id=?
2026-05-25T02:28:33.707+05:30  INFO 46101 --- [reservation-service] [rap-executor-%d] c.n.d.s.r.aws.ConfigClusterResolver      : Resolving eureka endpoints via configuration
2026-05-25T02:33:33.716+05:30  INFO 46101 --- [reservation-service] [rap-executor-%d] c.n.d.s.r.aws.ConfigClusterResolver      : Resolving eureka endpoints via configuration
2026-05-25T02:38:33.731+05:30  INFO 46101 --- [reservation-service] [rap-executor-%d] c.n.d.s.r.aws.ConfigClusterResolver      : Resolving eureka endpoints via configuration
2026-05-25T02:43:33.749+05:30  INFO 46101 --- [reservation-service] [rap-executor-%d] c.n.d.s.r.aws.ConfigClusterResolver      : Resolving eureka endpoints via configuration
